---------------------------------------------------------------
[2020-03-02T10:27:44+08:00] 0.0.0.0 GET bbbbbb.im/api/common/expertList
[ info ] [ LANG ] /Applications/MAMP/htdocs/bbbbbb/thinkphp/lang/zh-cn.php
[ info ] [ ROUTE ] array (
  'type' => 'module',
  'module' => 
  array (
    0 => 'api',
    1 => 'common',
    2 => 'expertList',
  ),
)
[ info ] [ HEADER ] array (
  'host' => 'bbbbbb.im',
  'connection' => 'keep-alive',
  'cache-control' => 'max-age=0',
  'upgrade-insecure-requests' => '1',
  'user-agent' => 'Mozilla/5.0 (Macintosh; Intel Mac OS X 10_15_3) AppleWebKit/537.36 (KHTML, like Gecko) Chrome/80.0.3987.122 Safari/537.36',
  'accept' => 'text/html,application/xhtml+xml,application/xml;q=0.9,image/webp,image/apng,*/*;q=0.8,application/signed-exchange;v=b3;q=0.9',
  'accept-encoding' => 'gzip, deflate',
  'accept-language' => 'zh-CN,zh;q=0.9,en;q=0.8,mt;q=0.7',
)
[ info ] [ PARAM ] array (
)
[ info ] [ BEHAVIOR ] Run app\api\behavior\CrossDomain @module_init [ RunTime:0.000893s ]
[ info ] [ RUN ] app\api\controller\Common->expertList[ /Applications/MAMP/htdocs/bbbbbb/application/api/controller/Common.php ]
[ info ] array (
)
[ info ] [ DB ] INIT mysql
[ info ] [ LOG ] INIT file
---------------------------------------------------------------
[2020-03-02T10:27:58+08:00] 0.0.0.0 GET bbbbbb.im/api/common/expertList
[ info ] [ LANG ] /Applications/MAMP/htdocs/bbbbbb/thinkphp/lang/zh-cn.php
[ info ] [ ROUTE ] array (
  'type' => 'module',
  'module' => 
  array (
    0 => 'api',
    1 => 'common',
    2 => 'expertList',
  ),
)
[ info ] [ HEADER ] array (
  'host' => 'bbbbbb.im',
  'connection' => 'keep-alive',
  'cache-control' => 'max-age=0',
  'upgrade-insecure-requests' => '1',
  'user-agent' => 'Mozilla/5.0 (Macintosh; Intel Mac OS X 10_15_3) AppleWebKit/537.36 (KHTML, like Gecko) Chrome/80.0.3987.122 Safari/537.36',
  'accept' => 'text/html,application/xhtml+xml,application/xml;q=0.9,image/webp,image/apng,*/*;q=0.8,application/signed-exchange;v=b3;q=0.9',
  'accept-encoding' => 'gzip, deflate',
  'accept-language' => 'zh-CN,zh;q=0.9,en;q=0.8,mt;q=0.7',
)
[ info ] [ PARAM ] array (
)
[ info ] [ BEHAVIOR ] Run app\api\behavior\CrossDomain @module_init [ RunTime:0.000977s ]
[ info ] [ RUN ] app\api\controller\Common->expertList[ /Applications/MAMP/htdocs/bbbbbb/application/api/controller/Common.php ]
[ info ] 12121
[ info ] [ DB ] INIT mysql
[ info ] [ LOG ] INIT file
---------------------------------------------------------------
[2020-03-02T10:31:31+08:00] 0.0.0.0 GET bbbbbb.im/api/common/expertList
[ info ] [ LANG ] /Applications/MAMP/htdocs/bbbbbb/thinkphp/lang/zh-cn.php
[ info ] [ ROUTE ] array (
  'type' => 'module',
  'module' => 
  array (
    0 => 'api',
    1 => 'common',
    2 => 'expertList',
  ),
)
[ info ] [ HEADER ] array (
  'host' => 'bbbbbb.im',
  'connection' => 'keep-alive',
  'cache-control' => 'max-age=0',
  'upgrade-insecure-requests' => '1',
  'user-agent' => 'Mozilla/5.0 (Macintosh; Intel Mac OS X 10_15_3) AppleWebKit/537.36 (KHTML, like Gecko) Chrome/80.0.3987.122 Safari/537.36',
  'accept' => 'text/html,application/xhtml+xml,application/xml;q=0.9,image/webp,image/apng,*/*;q=0.8,application/signed-exchange;v=b3;q=0.9',
  'accept-encoding' => 'gzip, deflate',
  'accept-language' => 'zh-CN,zh;q=0.9,en;q=0.8,mt;q=0.7',
)
[ info ] [ PARAM ] array (
)
[ info ] [ BEHAVIOR ] Run app\api\behavior\CrossDomain @module_init [ RunTime:0.001456s ]
[ info ] [ RUN ] app\api\controller\Common->expertList[ /Applications/MAMP/htdocs/bbbbbb/application/api/controller/Common.php ]
[ info ] array (
)
[ info ] [ DB ] INIT mysql
[ info ] [ LOG ] INIT file
---------------------------------------------------------------
[2020-03-02T10:31:41+08:00] 0.0.0.0 GET bbbbbb.im/api/common/expertList
[ info ] [ LANG ] /Applications/MAMP/htdocs/bbbbbb/thinkphp/lang/zh-cn.php
[ info ] [ ROUTE ] array (
  'type' => 'module',
  'module' => 
  array (
    0 => 'api',
    1 => 'common',
    2 => 'expertList',
  ),
)
[ info ] [ HEADER ] array (
  'host' => 'bbbbbb.im',
  'connection' => 'keep-alive',
  'cache-control' => 'max-age=0',
  'upgrade-insecure-requests' => '1',
  'user-agent' => 'Mozilla/5.0 (Macintosh; Intel Mac OS X 10_15_3) AppleWebKit/537.36 (KHTML, like Gecko) Chrome/80.0.3987.122 Safari/537.36',
  'accept' => 'text/html,application/xhtml+xml,application/xml;q=0.9,image/webp,image/apng,*/*;q=0.8,application/signed-exchange;v=b3;q=0.9',
  'accept-encoding' => 'gzip, deflate',
  'accept-language' => 'zh-CN,zh;q=0.9,en;q=0.8,mt;q=0.7',
)
[ info ] [ PARAM ] array (
)
[ info ] [ BEHAVIOR ] Run app\api\behavior\CrossDomain @module_init [ RunTime:0.000882s ]
[ info ] [ RUN ] app\api\controller\Common->expertList[ /Applications/MAMP/htdocs/bbbbbb/application/api/controller/Common.php ]
[ info ] think\response\Json::__set_state(array(
   'options' => 
  array (
    'json_encode_param' => 256,
  ),
   'contentType' => 'application/json',
   'data' => 
  array (
  ),
   'charset' => 'utf-8',
   'code' => 200,
   'header' => 
  array (
    'Content-Type' => 'application/json; charset=utf-8',
  ),
   'content' => NULL,
))
[ info ] [ DB ] INIT mysql
[ info ] [ LOG ] INIT file
---------------------------------------------------------------
[2020-03-02T10:32:53+08:00] 0.0.0.0 GET bbbbbb.im/api/common/expertList
[ info ] [ LANG ] /Applications/MAMP/htdocs/bbbbbb/thinkphp/lang/zh-cn.php
[ info ] [ ROUTE ] array (
  'type' => 'module',
  'module' => 
  array (
    0 => 'api',
    1 => 'common',
    2 => 'expertList',
  ),
)
[ info ] [ HEADER ] array (
  'host' => 'bbbbbb.im',
  'connection' => 'keep-alive',
  'cache-control' => 'max-age=0',
  'upgrade-insecure-requests' => '1',
  'user-agent' => 'Mozilla/5.0 (Macintosh; Intel Mac OS X 10_15_3) AppleWebKit/537.36 (KHTML, like Gecko) Chrome/80.0.3987.122 Safari/537.36',
  'accept' => 'text/html,application/xhtml+xml,application/xml;q=0.9,image/webp,image/apng,*/*;q=0.8,application/signed-exchange;v=b3;q=0.9',
  'accept-encoding' => 'gzip, deflate',
  'accept-language' => 'zh-CN,zh;q=0.9,en;q=0.8,mt;q=0.7',
)
[ info ] [ PARAM ] array (
)
[ info ] [ BEHAVIOR ] Run app\api\behavior\CrossDomain @module_init [ RunTime:0.002602s ]
[ info ] [ RUN ] app\api\controller\Common->expertList[ /Applications/MAMP/htdocs/bbbbbb/application/api/controller/Common.php ]
[ info ] [ DB ] INIT mysql
[ info ] array (
  'codeMsg' => 'SUCCESS',
  'code' => 200,
  'totalCount' => 1,
  'page' => 1,
  'totalPage' => 1,
  'pageSize' => 10,
  'data' => 
  array (
    0 => 
    array (
      'id' => 1,
      'name' => '测试专家',
      'face' => '/uploads/20200225/b20caf0c3f8dad07da1aa191d228e182.jpg',
      'desc' => '测试专家测试专家测试专家测试专家测试专家测试专家测试专家测试专家测试专家',
      'tags' => '大佬,巨头',
      'content' => '<p>测试专家测试专家测试专家测试专家测试专家</p><p>测试专家测试专家测试专家测试专家测试专家测试专家</p><p>测试专家测试专家测试专家测试专家测试专家测试专家</p><p>测试专家测试专家测试专家测试专家测试专家测试专家测试专家测试专家测试专家</p><p>测试专家测试专家测试专家测试专家测试专家测试专家</p>',
      'create_t' => 1582618464,
      'is_show' => 1,
      'is_recommend' => 1,
      'territory' => '互联网领域',
    ),
  ),
)
[ info ] [ LOG ] INIT file
---------------------------------------------------------------
[2020-03-02T10:34:26+08:00] 0.0.0.0 GET bbbbbb.im/api/common/expertList
[ info ] [ LANG ] /Applications/MAMP/htdocs/bbbbbb/thinkphp/lang/zh-cn.php
[ info ] [ ROUTE ] array (
  'type' => 'module',
  'module' => 
  array (
    0 => 'api',
    1 => 'common',
    2 => 'expertList',
  ),
)
[ info ] [ HEADER ] array (
  'host' => 'bbbbbb.im',
  'connection' => 'keep-alive',
  'cache-control' => 'max-age=0',
  'upgrade-insecure-requests' => '1',
  'user-agent' => 'Mozilla/5.0 (Macintosh; Intel Mac OS X 10_15_3) AppleWebKit/537.36 (KHTML, like Gecko) Chrome/80.0.3987.122 Safari/537.36',
  'accept' => 'text/html,application/xhtml+xml,application/xml;q=0.9,image/webp,image/apng,*/*;q=0.8,application/signed-exchange;v=b3;q=0.9',
  'accept-encoding' => 'gzip, deflate',
  'accept-language' => 'zh-CN,zh;q=0.9,en;q=0.8,mt;q=0.7',
)
[ info ] [ PARAM ] array (
)
[ info ] [ BEHAVIOR ] Run app\api\behavior\CrossDomain @module_init [ RunTime:0.000851s ]
[ info ] [ RUN ] app\api\controller\Common->expertList[ /Applications/MAMP/htdocs/bbbbbb/application/api/controller/Common.php ]
[ info ] [ DB ] INIT mysql
[ info ] [ LOG ] INIT file
---------------------------------------------------------------
[2020-03-02T10:37:49+08:00] 0.0.0.0 GET bbbbbb.im/api/common/expertDetail/id/1
[ info ] [ LANG ] /Applications/MAMP/htdocs/bbbbbb/thinkphp/lang/zh-cn.php
[ info ] [ ROUTE ] array (
  'type' => 'module',
  'module' => 
  array (
    0 => 'api',
    1 => 'common',
    2 => 'expertDetail',
  ),
)
[ info ] [ HEADER ] array (
  'host' => 'bbbbbb.im',
  'connection' => 'keep-alive',
  'upgrade-insecure-requests' => '1',
  'user-agent' => 'Mozilla/5.0 (Macintosh; Intel Mac OS X 10_15_3) AppleWebKit/537.36 (KHTML, like Gecko) Chrome/80.0.3987.122 Safari/537.36',
  'accept' => 'text/html,application/xhtml+xml,application/xml;q=0.9,image/webp,image/apng,*/*;q=0.8,application/signed-exchange;v=b3;q=0.9',
  'accept-encoding' => 'gzip, deflate',
  'accept-language' => 'zh-CN,zh;q=0.9,en;q=0.8,mt;q=0.7',
)
[ info ] [ PARAM ] array (
  'id' => '1',
)
[ info ] [ BEHAVIOR ] Run app\api\behavior\CrossDomain @module_init [ RunTime:0.000813s ]
[ info ] [ RUN ] app\api\controller\Common->expertDetail[ /Applications/MAMP/htdocs/bbbbbb/application/api/controller/Common.php ]
[ info ] [ DB ] INIT mysql
[ info ] [ LOG ] INIT file
---------------------------------------------------------------
[2020-03-02T10:38:05+08:00] 0.0.0.0 GET bbbbbb.im/api/common/expertDetail?id=1
[ info ] [ LANG ] /Applications/MAMP/htdocs/bbbbbb/thinkphp/lang/zh-cn.php
[ info ] [ ROUTE ] array (
  'type' => 'module',
  'module' => 
  array (
    0 => 'api',
    1 => 'common',
    2 => 'expertDetail',
  ),
)
[ info ] [ HEADER ] array (
  'host' => 'bbbbbb.im',
  'connection' => 'keep-alive',
  'upgrade-insecure-requests' => '1',
  'user-agent' => 'Mozilla/5.0 (Macintosh; Intel Mac OS X 10_15_3) AppleWebKit/537.36 (KHTML, like Gecko) Chrome/80.0.3987.122 Safari/537.36',
  'accept' => 'text/html,application/xhtml+xml,application/xml;q=0.9,image/webp,image/apng,*/*;q=0.8,application/signed-exchange;v=b3;q=0.9',
  'accept-encoding' => 'gzip, deflate',
  'accept-language' => 'zh-CN,zh;q=0.9,en;q=0.8,mt;q=0.7',
)
[ info ] [ PARAM ] array (
  'id' => '1',
)
[ info ] [ BEHAVIOR ] Run app\api\behavior\CrossDomain @module_init [ RunTime:0.000918s ]
[ info ] [ RUN ] app\api\controller\Common->expertDetail[ /Applications/MAMP/htdocs/bbbbbb/application/api/controller/Common.php ]
[ info ] [ DB ] INIT mysql
[ info ] [ LOG ] INIT file
---------------------------------------------------------------
[2020-03-02T10:39:06+08:00] 0.0.0.0 GET bbbbbb.im/api/common/expertDetail/id/1
[ info ] [ LANG ] /Applications/MAMP/htdocs/bbbbbb/thinkphp/lang/zh-cn.php
[ info ] [ ROUTE ] array (
  'type' => 'module',
  'module' => 
  array (
    0 => 'api',
    1 => 'common',
    2 => 'expertDetail',
  ),
)
[ info ] [ HEADER ] array (
  'host' => 'bbbbbb.im',
  'connection' => 'keep-alive',
  'upgrade-insecure-requests' => '1',
  'user-agent' => 'Mozilla/5.0 (Macintosh; Intel Mac OS X 10_15_3) AppleWebKit/537.36 (KHTML, like Gecko) Chrome/80.0.3987.122 Safari/537.36',
  'accept' => 'text/html,application/xhtml+xml,application/xml;q=0.9,image/webp,image/apng,*/*;q=0.8,application/signed-exchange;v=b3;q=0.9',
  'accept-encoding' => 'gzip, deflate',
  'accept-language' => 'zh-CN,zh;q=0.9,en;q=0.8,mt;q=0.7',
)
[ info ] [ PARAM ] array (
  'id' => '1',
)
[ info ] [ BEHAVIOR ] Run app\api\behavior\CrossDomain @module_init [ RunTime:0.001865s ]
[ info ] [ RUN ] app\api\controller\Common->expertDetail[ /Applications/MAMP/htdocs/bbbbbb/application/api/controller/Common.php ]
[ info ] [ DB ] INIT mysql
[ info ] [ LOG ] INIT file
---------------------------------------------------------------
[2020-03-02T10:39:25+08:00] 0.0.0.0 GET bbbbbb.im/api/common/expertDetail/id/1
[ info ] [ LANG ] /Applications/MAMP/htdocs/bbbbbb/thinkphp/lang/zh-cn.php
[ info ] [ ROUTE ] array (
  'type' => 'module',
  'module' => 
  array (
    0 => 'api',
    1 => 'common',
    2 => 'expertDetail',
  ),
)
[ info ] [ HEADER ] array (
  'host' => 'bbbbbb.im',
  'connection' => 'keep-alive',
  'cache-control' => 'max-age=0',
  'upgrade-insecure-requests' => '1',
  'user-agent' => 'Mozilla/5.0 (Macintosh; Intel Mac OS X 10_15_3) AppleWebKit/537.36 (KHTML, like Gecko) Chrome/80.0.3987.122 Safari/537.36',
  'accept' => 'text/html,application/xhtml+xml,application/xml;q=0.9,image/webp,image/apng,*/*;q=0.8,application/signed-exchange;v=b3;q=0.9',
  'accept-encoding' => 'gzip, deflate',
  'accept-language' => 'zh-CN,zh;q=0.9,en;q=0.8,mt;q=0.7',
)
[ info ] [ PARAM ] array (
  'id' => '1',
)
[ info ] [ BEHAVIOR ] Run app\api\behavior\CrossDomain @module_init [ RunTime:0.001071s ]
[ info ] [ RUN ] app\api\controller\Common->expertDetail[ /Applications/MAMP/htdocs/bbbbbb/application/api/controller/Common.php ]
[ info ] [ DB ] INIT mysql
[ info ] [ LOG ] INIT file
---------------------------------------------------------------
[2020-03-02T10:39:30+08:00] 0.0.0.0 GET bbbbbb.im/api/common/expertDetail?id=1
[ info ] [ LANG ] /Applications/MAMP/htdocs/bbbbbb/thinkphp/lang/zh-cn.php
[ info ] [ ROUTE ] array (
  'type' => 'module',
  'module' => 
  array (
    0 => 'api',
    1 => 'common',
    2 => 'expertDetail',
  ),
)
[ info ] [ HEADER ] array (
  'host' => 'bbbbbb.im',
  'connection' => 'keep-alive',
  'upgrade-insecure-requests' => '1',
  'user-agent' => 'Mozilla/5.0 (Macintosh; Intel Mac OS X 10_15_3) AppleWebKit/537.36 (KHTML, like Gecko) Chrome/80.0.3987.122 Safari/537.36',
  'accept' => 'text/html,application/xhtml+xml,application/xml;q=0.9,image/webp,image/apng,*/*;q=0.8,application/signed-exchange;v=b3;q=0.9',
  'accept-encoding' => 'gzip, deflate',
  'accept-language' => 'zh-CN,zh;q=0.9,en;q=0.8,mt;q=0.7',
)
[ info ] [ PARAM ] array (
  'id' => '1',
)
[ info ] [ BEHAVIOR ] Run app\api\behavior\CrossDomain @module_init [ RunTime:0.002053s ]
[ info ] [ RUN ] app\api\controller\Common->expertDetail[ /Applications/MAMP/htdocs/bbbbbb/application/api/controller/Common.php ]
[ info ] [ DB ] INIT mysql
[ info ] [ LOG ] INIT file
---------------------------------------------------------------
[2020-03-02T10:39:46+08:00] 0.0.0.0 GET bbbbbb.im/api/common/expertDetail?id=1
[ info ] [ LANG ] /Applications/MAMP/htdocs/bbbbbb/thinkphp/lang/zh-cn.php
[ info ] [ ROUTE ] array (
  'type' => 'module',
  'module' => 
  array (
    0 => 'api',
    1 => 'common',
    2 => 'expertDetail',
  ),
)
[ info ] [ HEADER ] array (
  'host' => 'bbbbbb.im',
  'connection' => 'keep-alive',
  'cache-control' => 'max-age=0',
  'upgrade-insecure-requests' => '1',
  'user-agent' => 'Mozilla/5.0 (Macintosh; Intel Mac OS X 10_15_3) AppleWebKit/537.36 (KHTML, like Gecko) Chrome/80.0.3987.122 Safari/537.36',
  'accept' => 'text/html,application/xhtml+xml,application/xml;q=0.9,image/webp,image/apng,*/*;q=0.8,application/signed-exchange;v=b3;q=0.9',
  'accept-encoding' => 'gzip, deflate',
  'accept-language' => 'zh-CN,zh;q=0.9,en;q=0.8,mt;q=0.7',
)
[ info ] [ PARAM ] array (
  'id' => '1',
)
[ info ] [ BEHAVIOR ] Run app\api\behavior\CrossDomain @module_init [ RunTime:0.000830s ]
[ info ] [ RUN ] app\api\controller\Common->expertDetail[ /Applications/MAMP/htdocs/bbbbbb/application/api/controller/Common.php ]
[ info ] [ DB ] INIT mysql
[ info ] [ LOG ] INIT file
---------------------------------------------------------------
[2020-03-02T10:39:50+08:00] 0.0.0.0 GET bbbbbb.im/api/common/expertDetail/id/1
[ info ] [ LANG ] /Applications/MAMP/htdocs/bbbbbb/thinkphp/lang/zh-cn.php
[ info ] [ ROUTE ] array (
  'type' => 'module',
  'module' => 
  array (
    0 => 'api',
    1 => 'common',
    2 => 'expertDetail',
  ),
)
[ info ] [ HEADER ] array (
  'host' => 'bbbbbb.im',
  'connection' => 'keep-alive',
  'upgrade-insecure-requests' => '1',
  'user-agent' => 'Mozilla/5.0 (Macintosh; Intel Mac OS X 10_15_3) AppleWebKit/537.36 (KHTML, like Gecko) Chrome/80.0.3987.122 Safari/537.36',
  'accept' => 'text/html,application/xhtml+xml,application/xml;q=0.9,image/webp,image/apng,*/*;q=0.8,application/signed-exchange;v=b3;q=0.9',
  'accept-encoding' => 'gzip, deflate',
  'accept-language' => 'zh-CN,zh;q=0.9,en;q=0.8,mt;q=0.7',
)
[ info ] [ PARAM ] array (
  'id' => '1',
)
[ info ] [ BEHAVIOR ] Run app\api\behavior\CrossDomain @module_init [ RunTime:0.001446s ]
[ info ] [ RUN ] app\api\controller\Common->expertDetail[ /Applications/MAMP/htdocs/bbbbbb/application/api/controller/Common.php ]
[ info ] [ DB ] INIT mysql
[ info ] [ LOG ] INIT file
---------------------------------------------------------------
[2020-03-02T10:41:21+08:00] 0.0.0.0 GET bbbbbb.im/api/common/expertDetail/id/1
[ info ] [ LANG ] /Applications/MAMP/htdocs/bbbbbb/thinkphp/lang/zh-cn.php
[ info ] [ ROUTE ] array (
  'type' => 'module',
  'module' => 
  array (
    0 => 'api',
    1 => 'common',
    2 => 'expertDetail',
  ),
)
[ info ] [ HEADER ] array (
  'host' => 'bbbbbb.im',
  'connection' => 'keep-alive',
  'cache-control' => 'max-age=0',
  'upgrade-insecure-requests' => '1',
  'user-agent' => 'Mozilla/5.0 (Macintosh; Intel Mac OS X 10_15_3) AppleWebKit/537.36 (KHTML, like Gecko) Chrome/80.0.3987.122 Safari/537.36',
  'accept' => 'text/html,application/xhtml+xml,application/xml;q=0.9,image/webp,image/apng,*/*;q=0.8,application/signed-exchange;v=b3;q=0.9',
  'accept-encoding' => 'gzip, deflate',
  'accept-language' => 'zh-CN,zh;q=0.9,en;q=0.8,mt;q=0.7',
)
[ info ] [ PARAM ] array (
  'id' => '1',
)
[ info ] [ BEHAVIOR ] Run app\api\behavior\CrossDomain @module_init [ RunTime:0.001240s ]
[ info ] [ RUN ] app\api\controller\Common->expertDetail[ /Applications/MAMP/htdocs/bbbbbb/application/api/controller/Common.php ]
[ info ] [ DB ] INIT mysql
[ info ] [ LOG ] INIT file
---------------------------------------------------------------
[2020-03-02T10:58:09+08:00] 0.0.0.0 GET bbbbbb.im/admin
[ info ] [ LANG ] /Applications/MAMP/htdocs/bbbbbb/thinkphp/lang/zh-cn.php
[ info ] [ ROUTE ] array (
  'type' => 'module',
  'module' => 
  array (
    0 => 'admin',
    1 => NULL,
    2 => NULL,
  ),
)
[ info ] [ HEADER ] array (
  'host' => 'bbbbbb.im',
  'connection' => 'keep-alive',
  'upgrade-insecure-requests' => '1',
  'user-agent' => 'Mozilla/5.0 (Macintosh; Intel Mac OS X 10_15_3) AppleWebKit/537.36 (KHTML, like Gecko) Chrome/80.0.3987.122 Safari/537.36',
  'accept' => 'text/html,application/xhtml+xml,application/xml;q=0.9,image/webp,image/apng,*/*;q=0.8,application/signed-exchange;v=b3;q=0.9',
  'accept-encoding' => 'gzip, deflate',
  'accept-language' => 'zh-CN,zh;q=0.9,en;q=0.8,mt;q=0.7',
)
[ info ] [ PARAM ] array (
)
[ info ] [ BEHAVIOR ] Run app\api\behavior\CrossDomain @module_init [ RunTime:0.001387s ]
[ info ] [ SESSION ] INIT array (
  'id' => '',
  'var_session_id' => '',
  'prefix' => 'think',
  'type' => '',
  'auto_start' => true,
)
[ info ] [ LOG ] INIT file
---------------------------------------------------------------
[2020-03-02T10:58:09+08:00] 0.0.0.0 GET bbbbbb.im/admin/login/login.html
[ info ] [ LANG ] /Applications/MAMP/htdocs/bbbbbb/thinkphp/lang/zh-cn.php
[ info ] [ ROUTE ] array (
  'type' => 'module',
  'module' => 
  array (
    0 => 'admin',
    1 => 'login',
    2 => 'login',
  ),
)
[ info ] [ HEADER ] array (
  'host' => 'bbbbbb.im',
  'connection' => 'keep-alive',
  'upgrade-insecure-requests' => '1',
  'user-agent' => 'Mozilla/5.0 (Macintosh; Intel Mac OS X 10_15_3) AppleWebKit/537.36 (KHTML, like Gecko) Chrome/80.0.3987.122 Safari/537.36',
  'accept' => 'text/html,application/xhtml+xml,application/xml;q=0.9,image/webp,image/apng,*/*;q=0.8,application/signed-exchange;v=b3;q=0.9',
  'accept-encoding' => 'gzip, deflate',
  'accept-language' => 'zh-CN,zh;q=0.9,en;q=0.8,mt;q=0.7',
  'cookie' => 'PHPSESSID=fd3ff89cc08e19f1a1c70df0a4f664a5',
)
[ info ] [ PARAM ] array (
)
[ info ] [ BEHAVIOR ] Run app\api\behavior\CrossDomain @module_init [ RunTime:0.000791s ]
[ info ] [ RUN ] app\admin\controller\Login->login[ /Applications/MAMP/htdocs/bbbbbb/application/admin/controller/Login.php ]
[ info ] [ DB ] INIT mysql
[ info ] [ VIEW ] /Applications/MAMP/htdocs/bbbbbb/public/../application/admin/view/login/login.html [ array (
  0 => 'system',
) ]
[ info ] [ LOG ] INIT file
---------------------------------------------------------------
[2020-03-02T10:58:09+08:00] 0.0.0.0 GET bbbbbb.im/captcha.html
[ info ] [ LANG ] /Applications/MAMP/htdocs/bbbbbb/thinkphp/lang/zh-cn.php
[ info ] [ ROUTE ] array (
  'type' => 'method',
  'method' => 
  array (
    0 => '\\think\\captcha\\CaptchaController',
    1 => 'index',
  ),
  'var' => 
  array (
  ),
)
[ info ] [ HEADER ] array (
  'host' => 'bbbbbb.im',
  'connection' => 'keep-alive',
  'user-agent' => 'Mozilla/5.0 (Macintosh; Intel Mac OS X 10_15_3) AppleWebKit/537.36 (KHTML, like Gecko) Chrome/80.0.3987.122 Safari/537.36',
  'accept' => 'image/webp,image/apng,image/*,*/*;q=0.8',
  'referer' => 'http://bbbbbb.im/admin/login/login.html',
  'accept-encoding' => 'gzip, deflate',
  'accept-language' => 'zh-CN,zh;q=0.9,en;q=0.8,mt;q=0.7',
  'cookie' => 'PHPSESSID=fd3ff89cc08e19f1a1c70df0a4f664a5',
)
[ info ] [ PARAM ] array (
  'id' => NULL,
)
[ info ] [ RUN ] think\captcha\CaptchaController->index[ /Applications/MAMP/htdocs/bbbbbb/vendor/topthink/think-captcha/src/CaptchaController.php ]
[ info ] [ SESSION ] INIT array (
  'id' => '',
  'var_session_id' => '',
  'prefix' => 'think',
  'type' => '',
  'auto_start' => true,
)
[ info ] [ LOG ] INIT file
---------------------------------------------------------------
[2020-03-02T10:58:18+08:00] 0.0.0.0 POST bbbbbb.im/admin/login/login_action.html
[ info ] [ LANG ] /Applications/MAMP/htdocs/bbbbbb/thinkphp/lang/zh-cn.php
[ info ] [ ROUTE ] array (
  'type' => 'module',
  'module' => 
  array (
    0 => 'admin',
    1 => 'login',
    2 => 'login_action',
  ),
)
[ info ] [ HEADER ] array (
  'host' => 'bbbbbb.im',
  'connection' => 'keep-alive',
  'content-length' => '101',
  'accept' => '*/*',
  'x-requested-with' => 'XMLHttpRequest',
  'user-agent' => 'Mozilla/5.0 (Macintosh; Intel Mac OS X 10_15_3) AppleWebKit/537.36 (KHTML, like Gecko) Chrome/80.0.3987.122 Safari/537.36',
  'content-type' => 'application/x-www-form-urlencoded; charset=UTF-8',
  'origin' => 'http://bbbbbb.im',
  'referer' => 'http://bbbbbb.im/admin/login/login.html',
  'accept-encoding' => 'gzip, deflate',
  'accept-language' => 'zh-CN,zh;q=0.9,en;q=0.8,mt;q=0.7',
  'cookie' => 'PHPSESSID=fd3ff89cc08e19f1a1c70df0a4f664a5',
)
[ info ] [ PARAM ] array (
  'data' => '{"user_name":"admin","user_pwd":"123456","vercode":"fjva"}',
)
[ info ] [ BEHAVIOR ] Run app\api\behavior\CrossDomain @module_init [ RunTime:0.000812s ]
[ info ] [ RUN ] app\admin\controller\Login->login_action[ /Applications/MAMP/htdocs/bbbbbb/application/admin/controller/Login.php ]
[ info ] [ SESSION ] INIT array (
  'id' => '',
  'var_session_id' => '',
  'prefix' => 'think',
  'type' => '',
  'auto_start' => true,
)
[ info ] [ DB ] INIT mysql
[ info ] [ CACHE ] INIT File
[ info ] [ LOG ] INIT file
---------------------------------------------------------------
[2020-03-02T10:58:19+08:00] 0.0.0.0 GET bbbbbb.im/admin/index/index.html
[ info ] [ LANG ] /Applications/MAMP/htdocs/bbbbbb/thinkphp/lang/zh-cn.php
[ info ] [ ROUTE ] array (
  'type' => 'module',
  'module' => 
  array (
    0 => 'admin',
    1 => 'index',
    2 => 'index',
  ),
)
[ info ] [ HEADER ] array (
  'host' => 'bbbbbb.im',
  'connection' => 'keep-alive',
  'upgrade-insecure-requests' => '1',
  'user-agent' => 'Mozilla/5.0 (Macintosh; Intel Mac OS X 10_15_3) AppleWebKit/537.36 (KHTML, like Gecko) Chrome/80.0.3987.122 Safari/537.36',
  'accept' => 'text/html,application/xhtml+xml,application/xml;q=0.9,image/webp,image/apng,*/*;q=0.8,application/signed-exchange;v=b3;q=0.9',
  'referer' => 'http://bbbbbb.im/admin/login/login.html',
  'accept-encoding' => 'gzip, deflate',
  'accept-language' => 'zh-CN,zh;q=0.9,en;q=0.8,mt;q=0.7',
  'cookie' => 'PHPSESSID=fd3ff89cc08e19f1a1c70df0a4f664a5',
)
[ info ] [ PARAM ] array (
)
[ info ] [ BEHAVIOR ] Run app\api\behavior\CrossDomain @module_init [ RunTime:0.000905s ]
[ info ] [ SESSION ] INIT array (
  'id' => '',
  'var_session_id' => '',
  'prefix' => 'think',
  'type' => '',
  'auto_start' => true,
)
[ info ] [ DB ] INIT mysql
[ info ] [ RUN ] app\admin\controller\Index->index[ /Applications/MAMP/htdocs/bbbbbb/application/admin/controller/Index.php ]
[ info ] [ VIEW ] /Applications/MAMP/htdocs/bbbbbb/public/../application/admin/view/index/index.html [ array (
  0 => 'user',
  1 => 'conf',
  2 => 'url',
  3 => 'system',
  4 => 'publics',
  5 => 'childMenu',
) ]
[ info ] [ LOG ] INIT file
---------------------------------------------------------------
[2020-03-02T10:58:20+08:00] 0.0.0.0 GET bbbbbb.im/admin/index/console.html
[ info ] [ LANG ] /Applications/MAMP/htdocs/bbbbbb/thinkphp/lang/zh-cn.php
[ info ] [ ROUTE ] array (
  'type' => 'module',
  'module' => 
  array (
    0 => 'admin',
    1 => 'index',
    2 => 'console',
  ),
)
[ info ] [ HEADER ] array (
  'host' => 'bbbbbb.im',
  'connection' => 'keep-alive',
  'upgrade-insecure-requests' => '1',
  'user-agent' => 'Mozilla/5.0 (Macintosh; Intel Mac OS X 10_15_3) AppleWebKit/537.36 (KHTML, like Gecko) Chrome/80.0.3987.122 Safari/537.36',
  'accept' => 'text/html,application/xhtml+xml,application/xml;q=0.9,image/webp,image/apng,*/*;q=0.8,application/signed-exchange;v=b3;q=0.9',
  'referer' => 'http://bbbbbb.im/admin/index/index.html',
  'accept-encoding' => 'gzip, deflate',
  'accept-language' => 'zh-CN,zh;q=0.9,en;q=0.8,mt;q=0.7',
  'cookie' => 'PHPSESSID=fd3ff89cc08e19f1a1c70df0a4f664a5',
)
[ info ] [ PARAM ] array (
)
[ info ] [ BEHAVIOR ] Run app\api\behavior\CrossDomain @module_init [ RunTime:0.000925s ]
[ info ] [ SESSION ] INIT array (
  'id' => '',
  'var_session_id' => '',
  'prefix' => 'think',
  'type' => '',
  'auto_start' => true,
)
[ info ] [ DB ] INIT mysql
[ info ] [ RUN ] app\admin\controller\Index->console[ /Applications/MAMP/htdocs/bbbbbb/application/admin/controller/Index.php ]
[ info ] [ VIEW ] /Applications/MAMP/htdocs/bbbbbb/public/../application/admin/view/index/console.html [ array (
  0 => 'user',
  1 => 'conf',
  2 => 'url',
  3 => 'system',
  4 => 'publics',
  5 => 'childMenu',
  6 => 'newsCount',
  7 => 'UsersCount',
) ]
[ info ] [ LOG ] INIT file
---------------------------------------------------------------
[2020-03-02T10:58:23+08:00] 0.0.0.0 GET bbbbbb.im/admin/news/lists.html
[ info ] [ LANG ] /Applications/MAMP/htdocs/bbbbbb/thinkphp/lang/zh-cn.php
[ info ] [ ROUTE ] array (
  'type' => 'module',
  'module' => 
  array (
    0 => 'admin',
    1 => 'news',
    2 => 'lists',
  ),
)
[ info ] [ HEADER ] array (
  'host' => 'bbbbbb.im',
  'connection' => 'keep-alive',
  'upgrade-insecure-requests' => '1',
  'user-agent' => 'Mozilla/5.0 (Macintosh; Intel Mac OS X 10_15_3) AppleWebKit/537.36 (KHTML, like Gecko) Chrome/80.0.3987.122 Safari/537.36',
  'accept' => 'text/html,application/xhtml+xml,application/xml;q=0.9,image/webp,image/apng,*/*;q=0.8,application/signed-exchange;v=b3;q=0.9',
  'referer' => 'http://bbbbbb.im/admin/index/index.html',
  'accept-encoding' => 'gzip, deflate',
  'accept-language' => 'zh-CN,zh;q=0.9,en;q=0.8,mt;q=0.7',
  'cookie' => 'PHPSESSID=fd3ff89cc08e19f1a1c70df0a4f664a5',
)
[ info ] [ PARAM ] array (
)
[ info ] [ BEHAVIOR ] Run app\api\behavior\CrossDomain @module_init [ RunTime:0.000909s ]
[ info ] [ SESSION ] INIT array (
  'id' => '',
  'var_session_id' => '',
  'prefix' => 'think',
  'type' => '',
  'auto_start' => true,
)
[ info ] [ DB ] INIT mysql
[ info ] [ RUN ] app\admin\controller\News->lists[ /Applications/MAMP/htdocs/bbbbbb/application/admin/controller/News.php ]
[ info ] [ VIEW ] /Applications/MAMP/htdocs/bbbbbb/public/../application/admin/view/news/lists.html [ array (
  0 => 'user',
  1 => 'conf',
  2 => 'url',
  3 => 'system',
  4 => 'publics',
  5 => 'childMenu',
  6 => 'list',
  7 => 'get',
) ]
[ info ] [ LOG ] INIT file
---------------------------------------------------------------
[2020-03-02T10:58:26+08:00] 0.0.0.0 GET bbbbbb.im/admin/gain_video/lists.html
[ info ] [ LANG ] /Applications/MAMP/htdocs/bbbbbb/thinkphp/lang/zh-cn.php
[ info ] [ ROUTE ] array (
  'type' => 'module',
  'module' => 
  array (
    0 => 'admin',
    1 => 'gain_video',
    2 => 'lists',
  ),
)
[ info ] [ HEADER ] array (
  'host' => 'bbbbbb.im',
  'connection' => 'keep-alive',
  'upgrade-insecure-requests' => '1',
  'user-agent' => 'Mozilla/5.0 (Macintosh; Intel Mac OS X 10_15_3) AppleWebKit/537.36 (KHTML, like Gecko) Chrome/80.0.3987.122 Safari/537.36',
  'accept' => 'text/html,application/xhtml+xml,application/xml;q=0.9,image/webp,image/apng,*/*;q=0.8,application/signed-exchange;v=b3;q=0.9',
  'referer' => 'http://bbbbbb.im/admin/index/index.html',
  'accept-encoding' => 'gzip, deflate',
  'accept-language' => 'zh-CN,zh;q=0.9,en;q=0.8,mt;q=0.7',
  'cookie' => 'PHPSESSID=fd3ff89cc08e19f1a1c70df0a4f664a5',
)
[ info ] [ PARAM ] array (
)
[ info ] [ BEHAVIOR ] Run app\api\behavior\CrossDomain @module_init [ RunTime:0.001023s ]
[ info ] [ SESSION ] INIT array (
  'id' => '',
  'var_session_id' => '',
  'prefix' => 'think',
  'type' => '',
  'auto_start' => true,
)
[ info ] [ DB ] INIT mysql
[ info ] [ RUN ] app\admin\controller\GainVideo->lists[ /Applications/MAMP/htdocs/bbbbbb/application/admin/controller/GainVideo.php ]
[ info ] [ VIEW ] /Applications/MAMP/htdocs/bbbbbb/public/../application/admin/view/gain_video/lists.html [ array (
  0 => 'user',
  1 => 'conf',
  2 => 'url',
  3 => 'system',
  4 => 'publics',
  5 => 'childMenu',
  6 => 'list',
  7 => 'get',
) ]
[ info ] [ LOG ] INIT file
---------------------------------------------------------------
[2020-03-02T10:58:31+08:00] 0.0.0.0 GET bbbbbb.im/admin/gain/lists.html
[ info ] [ LANG ] /Applications/MAMP/htdocs/bbbbbb/thinkphp/lang/zh-cn.php
[ info ] [ ROUTE ] array (
  'type' => 'module',
  'module' => 
  array (
    0 => 'admin',
    1 => 'gain',
    2 => 'lists',
  ),
)
[ info ] [ HEADER ] array (
  'host' => 'bbbbbb.im',
  'connection' => 'keep-alive',
  'upgrade-insecure-requests' => '1',
  'user-agent' => 'Mozilla/5.0 (Macintosh; Intel Mac OS X 10_15_3) AppleWebKit/537.36 (KHTML, like Gecko) Chrome/80.0.3987.122 Safari/537.36',
  'accept' => 'text/html,application/xhtml+xml,application/xml;q=0.9,image/webp,image/apng,*/*;q=0.8,application/signed-exchange;v=b3;q=0.9',
  'referer' => 'http://bbbbbb.im/admin/index/index.html',
  'accept-encoding' => 'gzip, deflate',
  'accept-language' => 'zh-CN,zh;q=0.9,en;q=0.8,mt;q=0.7',
  'cookie' => 'PHPSESSID=fd3ff89cc08e19f1a1c70df0a4f664a5',
)
[ info ] [ PARAM ] array (
)
[ info ] [ BEHAVIOR ] Run app\api\behavior\CrossDomain @module_init [ RunTime:0.000981s ]
[ info ] [ SESSION ] INIT array (
  'id' => '',
  'var_session_id' => '',
  'prefix' => 'think',
  'type' => '',
  'auto_start' => true,
)
[ info ] [ DB ] INIT mysql
[ info ] [ RUN ] app\admin\controller\Gain->lists[ /Applications/MAMP/htdocs/bbbbbb/application/admin/controller/Gain.php ]
[ info ] [ VIEW ] /Applications/MAMP/htdocs/bbbbbb/public/../application/admin/view/gain/lists.html [ array (
  0 => 'user',
  1 => 'conf',
  2 => 'url',
  3 => 'system',
  4 => 'publics',
  5 => 'childMenu',
  6 => 'list',
  7 => 'get',
) ]
[ info ] [ LOG ] INIT file
---------------------------------------------------------------
[2020-03-02T10:58:38+08:00] 0.0.0.0 GET bbbbbb.im/admin/enterprise/lists.html
[ info ] [ LANG ] /Applications/MAMP/htdocs/bbbbbb/thinkphp/lang/zh-cn.php
[ info ] [ ROUTE ] array (
  'type' => 'module',
  'module' => 
  array (
    0 => 'admin',
    1 => 'enterprise',
    2 => 'lists',
  ),
)
[ info ] [ HEADER ] array (
  'host' => 'bbbbbb.im',
  'connection' => 'keep-alive',
  'upgrade-insecure-requests' => '1',
  'user-agent' => 'Mozilla/5.0 (Macintosh; Intel Mac OS X 10_15_3) AppleWebKit/537.36 (KHTML, like Gecko) Chrome/80.0.3987.122 Safari/537.36',
  'accept' => 'text/html,application/xhtml+xml,application/xml;q=0.9,image/webp,image/apng,*/*;q=0.8,application/signed-exchange;v=b3;q=0.9',
  'referer' => 'http://bbbbbb.im/admin/index/index.html',
  'accept-encoding' => 'gzip, deflate',
  'accept-language' => 'zh-CN,zh;q=0.9,en;q=0.8,mt;q=0.7',
  'cookie' => 'PHPSESSID=fd3ff89cc08e19f1a1c70df0a4f664a5',
)
[ info ] [ PARAM ] array (
)
[ info ] [ BEHAVIOR ] Run app\api\behavior\CrossDomain @module_init [ RunTime:0.002366s ]
[ info ] [ SESSION ] INIT array (
  'id' => '',
  'var_session_id' => '',
  'prefix' => 'think',
  'type' => '',
  'auto_start' => true,
)
[ info ] [ DB ] INIT mysql
[ info ] [ RUN ] app\admin\controller\Enterprise->lists[ /Applications/MAMP/htdocs/bbbbbb/application/admin/controller/Enterprise.php ]
[ info ] [ VIEW ] /Applications/MAMP/htdocs/bbbbbb/public/../application/admin/view/enterprise/lists.html [ array (
  0 => 'user',
  1 => 'conf',
  2 => 'url',
  3 => 'system',
  4 => 'publics',
  5 => 'childMenu',
  6 => 'list',
  7 => 'get',
) ]
[ info ] [ LOG ] INIT file
---------------------------------------------------------------
[2020-03-02T10:58:43+08:00] 0.0.0.0 GET bbbbbb.im/admin/device/lists.html
[ info ] [ LANG ] /Applications/MAMP/htdocs/bbbbbb/thinkphp/lang/zh-cn.php
[ info ] [ ROUTE ] array (
  'type' => 'module',
  'module' => 
  array (
    0 => 'admin',
    1 => 'device',
    2 => 'lists',
  ),
)
[ info ] [ HEADER ] array (
  'host' => 'bbbbbb.im',
  'connection' => 'keep-alive',
  'upgrade-insecure-requests' => '1',
  'user-agent' => 'Mozilla/5.0 (Macintosh; Intel Mac OS X 10_15_3) AppleWebKit/537.36 (KHTML, like Gecko) Chrome/80.0.3987.122 Safari/537.36',
  'accept' => 'text/html,application/xhtml+xml,application/xml;q=0.9,image/webp,image/apng,*/*;q=0.8,application/signed-exchange;v=b3;q=0.9',
  'referer' => 'http://bbbbbb.im/admin/index/index.html',
  'accept-encoding' => 'gzip, deflate',
  'accept-language' => 'zh-CN,zh;q=0.9,en;q=0.8,mt;q=0.7',
  'cookie' => 'PHPSESSID=fd3ff89cc08e19f1a1c70df0a4f664a5',
)
[ info ] [ PARAM ] array (
)
[ info ] [ BEHAVIOR ] Run app\api\behavior\CrossDomain @module_init [ RunTime:0.001675s ]
[ info ] [ SESSION ] INIT array (
  'id' => '',
  'var_session_id' => '',
  'prefix' => 'think',
  'type' => '',
  'auto_start' => true,
)
[ info ] [ DB ] INIT mysql
[ info ] [ RUN ] app\admin\controller\Device->lists[ /Applications/MAMP/htdocs/bbbbbb/application/admin/controller/Device.php ]
[ info ] [ VIEW ] /Applications/MAMP/htdocs/bbbbbb/public/../application/admin/view/device/lists.html [ array (
  0 => 'user',
  1 => 'conf',
  2 => 'url',
  3 => 'system',
  4 => 'publics',
  5 => 'childMenu',
  6 => 'list',
  7 => 'get',
) ]
[ info ] [ LOG ] INIT file
---------------------------------------------------------------
[2020-03-02T10:58:48+08:00] 0.0.0.0 GET bbbbbb.im/admin/enterprise/add.html
[ info ] [ LANG ] /Applications/MAMP/htdocs/bbbbbb/thinkphp/lang/zh-cn.php
[ info ] [ ROUTE ] array (
  'type' => 'module',
  'module' => 
  array (
    0 => 'admin',
    1 => 'enterprise',
    2 => 'add',
  ),
)
[ info ] [ HEADER ] array (
  'host' => 'bbbbbb.im',
  'connection' => 'keep-alive',
  'upgrade-insecure-requests' => '1',
  'user-agent' => 'Mozilla/5.0 (Macintosh; Intel Mac OS X 10_15_3) AppleWebKit/537.36 (KHTML, like Gecko) Chrome/80.0.3987.122 Safari/537.36',
  'accept' => 'text/html,application/xhtml+xml,application/xml;q=0.9,image/webp,image/apng,*/*;q=0.8,application/signed-exchange;v=b3;q=0.9',
  'referer' => 'http://bbbbbb.im/admin/enterprise/lists.html',
  'accept-encoding' => 'gzip, deflate',
  'accept-language' => 'zh-CN,zh;q=0.9,en;q=0.8,mt;q=0.7',
  'cookie' => 'PHPSESSID=fd3ff89cc08e19f1a1c70df0a4f664a5',
)
[ info ] [ PARAM ] array (
)
[ info ] [ BEHAVIOR ] Run app\api\behavior\CrossDomain @module_init [ RunTime:0.000876s ]
[ info ] [ SESSION ] INIT array (
  'id' => '',
  'var_session_id' => '',
  'prefix' => 'think',
  'type' => '',
  'auto_start' => true,
)
[ info ] [ DB ] INIT mysql
[ info ] [ RUN ] app\admin\controller\Enterprise->add[ /Applications/MAMP/htdocs/bbbbbb/application/admin/controller/Enterprise.php ]
[ info ] [ VIEW ] /Applications/MAMP/htdocs/bbbbbb/public/../application/admin/view/enterprise/add.html [ array (
  0 => 'user',
  1 => 'conf',
  2 => 'url',
  3 => 'system',
  4 => 'publics',
  5 => 'childMenu',
) ]
[ info ] [ LOG ] INIT file
---------------------------------------------------------------
[2020-03-02T10:58:53+08:00] 0.0.0.0 GET bbbbbb.im/admin/enterprise/lists.html
[ info ] [ LANG ] /Applications/MAMP/htdocs/bbbbbb/thinkphp/lang/zh-cn.php
[ info ] [ ROUTE ] array (
  'type' => 'module',
  'module' => 
  array (
    0 => 'admin',
    1 => 'enterprise',
    2 => 'lists',
  ),
)
[ info ] [ HEADER ] array (
  'host' => 'bbbbbb.im',
  'connection' => 'keep-alive',
  'upgrade-insecure-requests' => '1',
  'user-agent' => 'Mozilla/5.0 (Macintosh; Intel Mac OS X 10_15_3) AppleWebKit/537.36 (KHTML, like Gecko) Chrome/80.0.3987.122 Safari/537.36',
  'accept' => 'text/html,application/xhtml+xml,application/xml;q=0.9,image/webp,image/apng,*/*;q=0.8,application/signed-exchange;v=b3;q=0.9',
  'accept-encoding' => 'gzip, deflate',
  'accept-language' => 'zh-CN,zh;q=0.9,en;q=0.8,mt;q=0.7',
  'cookie' => 'PHPSESSID=fd3ff89cc08e19f1a1c70df0a4f664a5',
)
[ info ] [ PARAM ] array (
)
[ info ] [ BEHAVIOR ] Run app\api\behavior\CrossDomain @module_init [ RunTime:0.051441s ]
[ info ] [ SESSION ] INIT array (
  'id' => '',
  'var_session_id' => '',
  'prefix' => 'think',
  'type' => '',
  'auto_start' => true,
)
[ info ] [ DB ] INIT mysql
[ info ] [ RUN ] app\admin\controller\Enterprise->lists[ /Applications/MAMP/htdocs/bbbbbb/application/admin/controller/Enterprise.php ]
[ info ] [ VIEW ] /Applications/MAMP/htdocs/bbbbbb/public/../application/admin/view/enterprise/lists.html [ array (
  0 => 'user',
  1 => 'conf',
  2 => 'url',
  3 => 'system',
  4 => 'publics',
  5 => 'childMenu',
  6 => 'list',
  7 => 'get',
) ]
[ info ] [ LOG ] INIT file
---------------------------------------------------------------
[2020-03-02T11:04:47+08:00] 0.0.0.0 GET bbbbbb.im/api/common/expertDetail/id/1
[ info ] [ LANG ] /Applications/MAMP/htdocs/bbbbbb/thinkphp/lang/zh-cn.php
[ info ] [ ROUTE ] array (
  'type' => 'module',
  'module' => 
  array (
    0 => 'api',
    1 => 'common',
    2 => 'expertDetail',
  ),
)
[ info ] [ HEADER ] array (
  'host' => 'bbbbbb.im',
  'connection' => 'keep-alive',
  'cache-control' => 'max-age=0',
  'upgrade-insecure-requests' => '1',
  'user-agent' => 'Mozilla/5.0 (Macintosh; Intel Mac OS X 10_15_3) AppleWebKit/537.36 (KHTML, like Gecko) Chrome/80.0.3987.122 Safari/537.36',
  'accept' => 'text/html,application/xhtml+xml,application/xml;q=0.9,image/webp,image/apng,*/*;q=0.8,application/signed-exchange;v=b3;q=0.9',
  'accept-encoding' => 'gzip, deflate',
  'accept-language' => 'zh-CN,zh;q=0.9,en;q=0.8,mt;q=0.7',
  'cookie' => 'PHPSESSID=fd3ff89cc08e19f1a1c70df0a4f664a5',
)
[ info ] [ PARAM ] array (
  'id' => '1',
)
[ info ] [ BEHAVIOR ] Run app\api\behavior\CrossDomain @module_init [ RunTime:0.002368s ]
[ info ] [ RUN ] app\api\controller\Common->expertDetail[ /Applications/MAMP/htdocs/bbbbbb/application/api/controller/Common.php ]
[ info ] [ DB ] INIT mysql
[ info ] [ LOG ] INIT file
---------------------------------------------------------------
[2020-03-02T12:30:35+08:00] 0.0.0.0 GET bbbbbb.im/api/common/enterpriseList
[ info ] [ LANG ] /Applications/MAMP/htdocs/bbbbbb/thinkphp/lang/zh-cn.php
[ info ] [ ROUTE ] array (
  'type' => 'module',
  'module' => 
  array (
    0 => 'api',
    1 => 'common',
    2 => 'enterpriseList',
  ),
)
[ info ] [ HEADER ] array (
  'host' => 'bbbbbb.im',
  'connection' => 'keep-alive',
  'upgrade-insecure-requests' => '1',
  'user-agent' => 'Mozilla/5.0 (Macintosh; Intel Mac OS X 10_15_3) AppleWebKit/537.36 (KHTML, like Gecko) Chrome/80.0.3987.122 Safari/537.36',
  'accept' => 'text/html,application/xhtml+xml,application/xml;q=0.9,image/webp,image/apng,*/*;q=0.8,application/signed-exchange;v=b3;q=0.9',
  'accept-encoding' => 'gzip, deflate',
  'accept-language' => 'zh-CN,zh;q=0.9,en;q=0.8,mt;q=0.7',
  'cookie' => 'PHPSESSID=fd3ff89cc08e19f1a1c70df0a4f664a5',
)
[ info ] [ PARAM ] array (
)
[ info ] [ BEHAVIOR ] Run app\api\behavior\CrossDomain @module_init [ RunTime:0.001647s ]
[ info ] [ RUN ] app\api\controller\Common->enterpriseList[ /Applications/MAMP/htdocs/bbbbbb/application/api/controller/Common.php ]
[ info ] [ DB ] INIT mysql
[ info ] [ LOG ] INIT file
---------------------------------------------------------------
[2020-03-02T12:32:49+08:00] 0.0.0.0 GET bbbbbb.im/api/common/enterpriseList
[ info ] [ LANG ] /Applications/MAMP/htdocs/bbbbbb/thinkphp/lang/zh-cn.php
[ info ] [ ROUTE ] array (
  'type' => 'module',
  'module' => 
  array (
    0 => 'api',
    1 => 'common',
    2 => 'enterpriseList',
  ),
)
[ info ] [ HEADER ] array (
  'host' => 'bbbbbb.im',
  'connection' => 'keep-alive',
  'cache-control' => 'max-age=0',
  'upgrade-insecure-requests' => '1',
  'user-agent' => 'Mozilla/5.0 (Macintosh; Intel Mac OS X 10_15_3) AppleWebKit/537.36 (KHTML, like Gecko) Chrome/80.0.3987.122 Safari/537.36',
  'accept' => 'text/html,application/xhtml+xml,application/xml;q=0.9,image/webp,image/apng,*/*;q=0.8,application/signed-exchange;v=b3;q=0.9',
  'accept-encoding' => 'gzip, deflate',
  'accept-language' => 'zh-CN,zh;q=0.9,en;q=0.8,mt;q=0.7',
  'cookie' => 'PHPSESSID=fd3ff89cc08e19f1a1c70df0a4f664a5',
)
[ info ] [ PARAM ] array (
)
[ info ] [ BEHAVIOR ] Run app\api\behavior\CrossDomain @module_init [ RunTime:0.001618s ]
[ info ] [ RUN ] app\api\controller\Common->enterpriseList[ /Applications/MAMP/htdocs/bbbbbb/application/api/controller/Common.php ]
[ info ] [ DB ] INIT mysql
[ info ] [ LOG ] INIT file
---------------------------------------------------------------
[2020-03-02T12:33:14+08:00] 0.0.0.0 GET bbbbbb.im/api/common/enterpriseList
[ info ] [ LANG ] /Applications/MAMP/htdocs/bbbbbb/thinkphp/lang/zh-cn.php
[ info ] [ ROUTE ] array (
  'type' => 'module',
  'module' => 
  array (
    0 => 'api',
    1 => 'common',
    2 => 'enterpriseList',
  ),
)
[ info ] [ HEADER ] array (
  'host' => 'bbbbbb.im',
  'connection' => 'keep-alive',
  'cache-control' => 'max-age=0',
  'upgrade-insecure-requests' => '1',
  'user-agent' => 'Mozilla/5.0 (Macintosh; Intel Mac OS X 10_15_3) AppleWebKit/537.36 (KHTML, like Gecko) Chrome/80.0.3987.122 Safari/537.36',
  'accept' => 'text/html,application/xhtml+xml,application/xml;q=0.9,image/webp,image/apng,*/*;q=0.8,application/signed-exchange;v=b3;q=0.9',
  'accept-encoding' => 'gzip, deflate',
  'accept-language' => 'zh-CN,zh;q=0.9,en;q=0.8,mt;q=0.7',
  'cookie' => 'PHPSESSID=fd3ff89cc08e19f1a1c70df0a4f664a5',
)
[ info ] [ PARAM ] array (
)
[ info ] [ BEHAVIOR ] Run app\api\behavior\CrossDomain @module_init [ RunTime:0.001526s ]
[ info ] [ RUN ] app\api\controller\Common->enterpriseList[ /Applications/MAMP/htdocs/bbbbbb/application/api/controller/Common.php ]
[ info ] [ DB ] INIT mysql
[ info ] [ LOG ] INIT file
---------------------------------------------------------------
[2020-03-02T12:33:39+08:00] 0.0.0.0 GET bbbbbb.im/api/common/enterpriseList
[ info ] [ LANG ] /Applications/MAMP/htdocs/bbbbbb/thinkphp/lang/zh-cn.php
[ info ] [ ROUTE ] array (
  'type' => 'module',
  'module' => 
  array (
    0 => 'api',
    1 => 'common',
    2 => 'enterpriseList',
  ),
)
[ info ] [ HEADER ] array (
  'host' => 'bbbbbb.im',
  'connection' => 'keep-alive',
  'cache-control' => 'max-age=0',
  'upgrade-insecure-requests' => '1',
  'user-agent' => 'Mozilla/5.0 (Macintosh; Intel Mac OS X 10_15_3) AppleWebKit/537.36 (KHTML, like Gecko) Chrome/80.0.3987.122 Safari/537.36',
  'accept' => 'text/html,application/xhtml+xml,application/xml;q=0.9,image/webp,image/apng,*/*;q=0.8,application/signed-exchange;v=b3;q=0.9',
  'accept-encoding' => 'gzip, deflate',
  'accept-language' => 'zh-CN,zh;q=0.9,en;q=0.8,mt;q=0.7',
  'cookie' => 'PHPSESSID=fd3ff89cc08e19f1a1c70df0a4f664a5',
)
[ info ] [ PARAM ] array (
)
[ info ] [ BEHAVIOR ] Run app\api\behavior\CrossDomain @module_init [ RunTime:0.004294s ]
[ info ] [ RUN ] app\api\controller\Common->enterpriseList[ /Applications/MAMP/htdocs/bbbbbb/application/api/controller/Common.php ]
[ info ] [ DB ] INIT mysql
[ info ] [ LOG ] INIT file
---------------------------------------------------------------
[2020-03-02T12:33:56+08:00] 0.0.0.0 GET bbbbbb.im/api/common/enterpriseList
[ info ] [ LANG ] /Applications/MAMP/htdocs/bbbbbb/thinkphp/lang/zh-cn.php
[ info ] [ ROUTE ] array (
  'type' => 'module',
  'module' => 
  array (
    0 => 'api',
    1 => 'common',
    2 => 'enterpriseList',
  ),
)
[ info ] [ HEADER ] array (
  'host' => 'bbbbbb.im',
  'connection' => 'keep-alive',
  'cache-control' => 'max-age=0',
  'upgrade-insecure-requests' => '1',
  'user-agent' => 'Mozilla/5.0 (Macintosh; Intel Mac OS X 10_15_3) AppleWebKit/537.36 (KHTML, like Gecko) Chrome/80.0.3987.122 Safari/537.36',
  'accept' => 'text/html,application/xhtml+xml,application/xml;q=0.9,image/webp,image/apng,*/*;q=0.8,application/signed-exchange;v=b3;q=0.9',
  'accept-encoding' => 'gzip, deflate',
  'accept-language' => 'zh-CN,zh;q=0.9,en;q=0.8,mt;q=0.7',
  'cookie' => 'PHPSESSID=fd3ff89cc08e19f1a1c70df0a4f664a5',
)
[ info ] [ PARAM ] array (
)
[ info ] [ BEHAVIOR ] Run app\api\behavior\CrossDomain @module_init [ RunTime:0.002715s ]
[ info ] [ RUN ] app\api\controller\Common->enterpriseList[ /Applications/MAMP/htdocs/bbbbbb/application/api/controller/Common.php ]
[ info ] [ DB ] INIT mysql
[ info ] [ LOG ] INIT file
---------------------------------------------------------------
[2020-03-02T12:37:08+08:00] 0.0.0.0 GET bbbbbb.im/api/common/expertList
[ info ] [ LANG ] /Applications/MAMP/htdocs/bbbbbb/thinkphp/lang/zh-cn.php
[ info ] [ ROUTE ] array (
  'type' => 'module',
  'module' => 
  array (
    0 => 'api',
    1 => 'common',
    2 => 'expertList',
  ),
)
[ info ] [ HEADER ] array (
  'host' => 'bbbbbb.im',
  'connection' => 'keep-alive',
  'cache-control' => 'max-age=0',
  'upgrade-insecure-requests' => '1',
  'user-agent' => 'Mozilla/5.0 (Macintosh; Intel Mac OS X 10_15_3) AppleWebKit/537.36 (KHTML, like Gecko) Chrome/80.0.3987.122 Safari/537.36',
  'accept' => 'text/html,application/xhtml+xml,application/xml;q=0.9,image/webp,image/apng,*/*;q=0.8,application/signed-exchange;v=b3;q=0.9',
  'accept-encoding' => 'gzip, deflate',
  'accept-language' => 'zh-CN,zh;q=0.9,en;q=0.8,mt;q=0.7',
  'cookie' => 'PHPSESSID=fd3ff89cc08e19f1a1c70df0a4f664a5',
)
[ info ] [ PARAM ] array (
)
[ info ] [ BEHAVIOR ] Run app\api\behavior\CrossDomain @module_init [ RunTime:0.001643s ]
[ info ] [ RUN ] app\api\controller\Common->expertList[ /Applications/MAMP/htdocs/bbbbbb/application/api/controller/Common.php ]
[ info ] [ DB ] INIT mysql
[ info ] [ LOG ] INIT file
---------------------------------------------------------------
[2020-03-02T12:39:14+08:00] 0.0.0.0 GET bbbbbb.im/api/common/enterpriseDetail/id/1
[ info ] [ LANG ] /Applications/MAMP/htdocs/bbbbbb/thinkphp/lang/zh-cn.php
[ info ] [ ROUTE ] array (
  'type' => 'module',
  'module' => 
  array (
    0 => 'api',
    1 => 'common',
    2 => 'enterpriseDetail',
  ),
)
[ info ] [ HEADER ] array (
  'host' => 'bbbbbb.im',
  'connection' => 'keep-alive',
  'upgrade-insecure-requests' => '1',
  'user-agent' => 'Mozilla/5.0 (Macintosh; Intel Mac OS X 10_15_3) AppleWebKit/537.36 (KHTML, like Gecko) Chrome/80.0.3987.122 Safari/537.36',
  'accept' => 'text/html,application/xhtml+xml,application/xml;q=0.9,image/webp,image/apng,*/*;q=0.8,application/signed-exchange;v=b3;q=0.9',
  'accept-encoding' => 'gzip, deflate',
  'accept-language' => 'zh-CN,zh;q=0.9,en;q=0.8,mt;q=0.7',
  'cookie' => 'PHPSESSID=fd3ff89cc08e19f1a1c70df0a4f664a5',
)
[ info ] [ PARAM ] array (
  'id' => '1',
)
[ info ] [ BEHAVIOR ] Run app\api\behavior\CrossDomain @module_init [ RunTime:0.002253s ]
[ info ] [ RUN ] app\api\controller\Common->enterpriseDetail[ /Applications/MAMP/htdocs/bbbbbb/application/api/controller/Common.php ]
[ info ] [ DB ] INIT mysql
[ info ] [ LOG ] INIT file
---------------------------------------------------------------
[2020-03-02T12:39:43+08:00] 0.0.0.0 GET bbbbbb.im/api/common/enterpriseDetail/id/1
[ info ] [ LANG ] /Applications/MAMP/htdocs/bbbbbb/thinkphp/lang/zh-cn.php
[ info ] [ ROUTE ] array (
  'type' => 'module',
  'module' => 
  array (
    0 => 'api',
    1 => 'common',
    2 => 'enterpriseDetail',
  ),
)
[ info ] [ HEADER ] array (
  'host' => 'bbbbbb.im',
  'connection' => 'keep-alive',
  'cache-control' => 'max-age=0',
  'upgrade-insecure-requests' => '1',
  'user-agent' => 'Mozilla/5.0 (Macintosh; Intel Mac OS X 10_15_3) AppleWebKit/537.36 (KHTML, like Gecko) Chrome/80.0.3987.122 Safari/537.36',
  'accept' => 'text/html,application/xhtml+xml,application/xml;q=0.9,image/webp,image/apng,*/*;q=0.8,application/signed-exchange;v=b3;q=0.9',
  'accept-encoding' => 'gzip, deflate',
  'accept-language' => 'zh-CN,zh;q=0.9,en;q=0.8,mt;q=0.7',
  'cookie' => 'PHPSESSID=fd3ff89cc08e19f1a1c70df0a4f664a5',
)
[ info ] [ PARAM ] array (
  'id' => '1',
)
[ info ] [ BEHAVIOR ] Run app\api\behavior\CrossDomain @module_init [ RunTime:0.002043s ]
[ info ] [ RUN ] app\api\controller\Common->enterpriseDetail[ /Applications/MAMP/htdocs/bbbbbb/application/api/controller/Common.php ]
[ info ] [ DB ] INIT mysql
[ info ] [ LOG ] INIT file
