---------------------------------------------------------------
[2020-03-03T21:15:27+08:00] 0.0.0.0 GET bbbbbb.im/admin
[ info ] [ LANG ] /Applications/MAMP/htdocs/bbbbbb/thinkphp/lang/zh-cn.php
[ info ] [ ROUTE ] array (
  'type' => 'module',
  'module' => 
  array (
    0 => 'admin',
    1 => NULL,
    2 => NULL,
  ),
)
[ info ] [ HEADER ] array (
  'host' => 'bbbbbb.im',
  'connection' => 'keep-alive',
  'upgrade-insecure-requests' => '1',
  'user-agent' => 'Mozilla/5.0 (Macintosh; Intel Mac OS X 10_15_3) AppleWebKit/537.36 (KHTML, like Gecko) Chrome/80.0.3987.122 Safari/537.36',
  'accept' => 'text/html,application/xhtml+xml,application/xml;q=0.9,image/webp,image/apng,*/*;q=0.8,application/signed-exchange;v=b3;q=0.9',
  'accept-encoding' => 'gzip, deflate',
  'accept-language' => 'zh-CN,zh;q=0.9,en;q=0.8,mt;q=0.7',
)
[ info ] [ PARAM ] array (
)
[ info ] [ BEHAVIOR ] Run app\api\behavior\CrossDomain @module_init [ RunTime:0.003127s ]
[ info ] [ SESSION ] INIT array (
  'id' => '',
  'var_session_id' => '',
  'prefix' => 'think',
  'type' => '',
  'auto_start' => true,
)
[ info ] [ LOG ] INIT file
---------------------------------------------------------------
[2020-03-03T21:15:27+08:00] 0.0.0.0 GET bbbbbb.im/admin/login/login.html
[ info ] [ LANG ] /Applications/MAMP/htdocs/bbbbbb/thinkphp/lang/zh-cn.php
[ info ] [ ROUTE ] array (
  'type' => 'module',
  'module' => 
  array (
    0 => 'admin',
    1 => 'login',
    2 => 'login',
  ),
)
[ info ] [ HEADER ] array (
  'host' => 'bbbbbb.im',
  'connection' => 'keep-alive',
  'upgrade-insecure-requests' => '1',
  'user-agent' => 'Mozilla/5.0 (Macintosh; Intel Mac OS X 10_15_3) AppleWebKit/537.36 (KHTML, like Gecko) Chrome/80.0.3987.122 Safari/537.36',
  'accept' => 'text/html,application/xhtml+xml,application/xml;q=0.9,image/webp,image/apng,*/*;q=0.8,application/signed-exchange;v=b3;q=0.9',
  'accept-encoding' => 'gzip, deflate',
  'accept-language' => 'zh-CN,zh;q=0.9,en;q=0.8,mt;q=0.7',
  'cookie' => 'PHPSESSID=0aea023ef26dc1a7bdf786085158afcc',
)
[ info ] [ PARAM ] array (
)
[ info ] [ BEHAVIOR ] Run app\api\behavior\CrossDomain @module_init [ RunTime:0.001193s ]
[ info ] [ RUN ] app\admin\controller\Login->login[ /Applications/MAMP/htdocs/bbbbbb/application/admin/controller/Login.php ]
[ info ] [ DB ] INIT mysql
[ info ] [ VIEW ] /Applications/MAMP/htdocs/bbbbbb/public/../application/admin/view/login/login.html [ array (
  0 => 'system',
) ]
[ info ] [ LOG ] INIT file
---------------------------------------------------------------
[2020-03-03T21:15:28+08:00] 0.0.0.0 GET bbbbbb.im/captcha.html
[ info ] [ LANG ] /Applications/MAMP/htdocs/bbbbbb/thinkphp/lang/zh-cn.php
[ info ] [ ROUTE ] array (
  'type' => 'method',
  'method' => 
  array (
    0 => '\\think\\captcha\\CaptchaController',
    1 => 'index',
  ),
  'var' => 
  array (
  ),
)
[ info ] [ HEADER ] array (
  'host' => 'bbbbbb.im',
  'connection' => 'keep-alive',
  'user-agent' => 'Mozilla/5.0 (Macintosh; Intel Mac OS X 10_15_3) AppleWebKit/537.36 (KHTML, like Gecko) Chrome/80.0.3987.122 Safari/537.36',
  'accept' => 'image/webp,image/apng,image/*,*/*;q=0.8',
  'referer' => 'http://bbbbbb.im/admin/login/login.html',
  'accept-encoding' => 'gzip, deflate',
  'accept-language' => 'zh-CN,zh;q=0.9,en;q=0.8,mt;q=0.7',
  'cookie' => 'PHPSESSID=0aea023ef26dc1a7bdf786085158afcc',
)
[ info ] [ PARAM ] array (
  'id' => NULL,
)
[ info ] [ RUN ] think\captcha\CaptchaController->index[ /Applications/MAMP/htdocs/bbbbbb/vendor/topthink/think-captcha/src/CaptchaController.php ]
[ info ] [ SESSION ] INIT array (
  'id' => '',
  'var_session_id' => '',
  'prefix' => 'think',
  'type' => '',
  'auto_start' => true,
)
[ info ] [ LOG ] INIT file
---------------------------------------------------------------
[2020-03-03T21:15:37+08:00] 0.0.0.0 POST bbbbbb.im/admin/login/login_action.html
[ info ] [ LANG ] /Applications/MAMP/htdocs/bbbbbb/thinkphp/lang/zh-cn.php
[ info ] [ ROUTE ] array (
  'type' => 'module',
  'module' => 
  array (
    0 => 'admin',
    1 => 'login',
    2 => 'login_action',
  ),
)
[ info ] [ HEADER ] array (
  'host' => 'bbbbbb.im',
  'connection' => 'keep-alive',
  'content-length' => '101',
  'accept' => '*/*',
  'x-requested-with' => 'XMLHttpRequest',
  'user-agent' => 'Mozilla/5.0 (Macintosh; Intel Mac OS X 10_15_3) AppleWebKit/537.36 (KHTML, like Gecko) Chrome/80.0.3987.122 Safari/537.36',
  'content-type' => 'application/x-www-form-urlencoded; charset=UTF-8',
  'origin' => 'http://bbbbbb.im',
  'referer' => 'http://bbbbbb.im/admin/login/login.html',
  'accept-encoding' => 'gzip, deflate',
  'accept-language' => 'zh-CN,zh;q=0.9,en;q=0.8,mt;q=0.7',
  'cookie' => 'PHPSESSID=0aea023ef26dc1a7bdf786085158afcc',
)
[ info ] [ PARAM ] array (
  'data' => '{"user_name":"admin","user_pwd":"123456","vercode":"rqrr"}',
)
[ info ] [ BEHAVIOR ] Run app\api\behavior\CrossDomain @module_init [ RunTime:0.001206s ]
[ info ] [ RUN ] app\admin\controller\Login->login_action[ /Applications/MAMP/htdocs/bbbbbb/application/admin/controller/Login.php ]
[ info ] [ SESSION ] INIT array (
  'id' => '',
  'var_session_id' => '',
  'prefix' => 'think',
  'type' => '',
  'auto_start' => true,
)
[ info ] [ DB ] INIT mysql
[ info ] [ CACHE ] INIT File
[ info ] [ LOG ] INIT file
---------------------------------------------------------------
[2020-03-03T21:15:39+08:00] 0.0.0.0 GET bbbbbb.im/admin/index/index.html
[ info ] [ LANG ] /Applications/MAMP/htdocs/bbbbbb/thinkphp/lang/zh-cn.php
[ info ] [ ROUTE ] array (
  'type' => 'module',
  'module' => 
  array (
    0 => 'admin',
    1 => 'index',
    2 => 'index',
  ),
)
[ info ] [ HEADER ] array (
  'host' => 'bbbbbb.im',
  'connection' => 'keep-alive',
  'upgrade-insecure-requests' => '1',
  'user-agent' => 'Mozilla/5.0 (Macintosh; Intel Mac OS X 10_15_3) AppleWebKit/537.36 (KHTML, like Gecko) Chrome/80.0.3987.122 Safari/537.36',
  'accept' => 'text/html,application/xhtml+xml,application/xml;q=0.9,image/webp,image/apng,*/*;q=0.8,application/signed-exchange;v=b3;q=0.9',
  'referer' => 'http://bbbbbb.im/admin/login/login.html',
  'accept-encoding' => 'gzip, deflate',
  'accept-language' => 'zh-CN,zh;q=0.9,en;q=0.8,mt;q=0.7',
  'cookie' => 'PHPSESSID=0aea023ef26dc1a7bdf786085158afcc',
)
[ info ] [ PARAM ] array (
)
[ info ] [ BEHAVIOR ] Run app\api\behavior\CrossDomain @module_init [ RunTime:0.001169s ]
[ info ] [ SESSION ] INIT array (
  'id' => '',
  'var_session_id' => '',
  'prefix' => 'think',
  'type' => '',
  'auto_start' => true,
)
[ info ] [ DB ] INIT mysql
[ info ] [ RUN ] app\admin\controller\Index->index[ /Applications/MAMP/htdocs/bbbbbb/application/admin/controller/Index.php ]
[ info ] [ VIEW ] /Applications/MAMP/htdocs/bbbbbb/public/../application/admin/view/index/index.html [ array (
  0 => 'user',
  1 => 'conf',
  2 => 'url',
  3 => 'system',
  4 => 'publics',
  5 => 'childMenu',
) ]
[ info ] [ LOG ] INIT file
---------------------------------------------------------------
[2020-03-03T21:15:39+08:00] 0.0.0.0 GET bbbbbb.im/admin/index/console.html
[ info ] [ LANG ] /Applications/MAMP/htdocs/bbbbbb/thinkphp/lang/zh-cn.php
[ info ] [ ROUTE ] array (
  'type' => 'module',
  'module' => 
  array (
    0 => 'admin',
    1 => 'index',
    2 => 'console',
  ),
)
[ info ] [ HEADER ] array (
  'host' => 'bbbbbb.im',
  'connection' => 'keep-alive',
  'upgrade-insecure-requests' => '1',
  'user-agent' => 'Mozilla/5.0 (Macintosh; Intel Mac OS X 10_15_3) AppleWebKit/537.36 (KHTML, like Gecko) Chrome/80.0.3987.122 Safari/537.36',
  'accept' => 'text/html,application/xhtml+xml,application/xml;q=0.9,image/webp,image/apng,*/*;q=0.8,application/signed-exchange;v=b3;q=0.9',
  'referer' => 'http://bbbbbb.im/admin/index/index.html',
  'accept-encoding' => 'gzip, deflate',
  'accept-language' => 'zh-CN,zh;q=0.9,en;q=0.8,mt;q=0.7',
  'cookie' => 'PHPSESSID=0aea023ef26dc1a7bdf786085158afcc',
)
[ info ] [ PARAM ] array (
)
[ info ] [ BEHAVIOR ] Run app\api\behavior\CrossDomain @module_init [ RunTime:0.002688s ]
[ info ] [ SESSION ] INIT array (
  'id' => '',
  'var_session_id' => '',
  'prefix' => 'think',
  'type' => '',
  'auto_start' => true,
)
[ info ] [ DB ] INIT mysql
[ info ] [ RUN ] app\admin\controller\Index->console[ /Applications/MAMP/htdocs/bbbbbb/application/admin/controller/Index.php ]
[ info ] [ VIEW ] /Applications/MAMP/htdocs/bbbbbb/public/../application/admin/view/index/console.html [ array (
  0 => 'user',
  1 => 'conf',
  2 => 'url',
  3 => 'system',
  4 => 'publics',
  5 => 'childMenu',
  6 => 'newsCount',
  7 => 'UsersCount',
) ]
[ info ] [ LOG ] INIT file
---------------------------------------------------------------
[2020-03-03T21:15:42+08:00] 0.0.0.0 GET bbbbbb.im/admin/expert/lists.html
[ info ] [ LANG ] /Applications/MAMP/htdocs/bbbbbb/thinkphp/lang/zh-cn.php
[ info ] [ ROUTE ] array (
  'type' => 'module',
  'module' => 
  array (
    0 => 'admin',
    1 => 'expert',
    2 => 'lists',
  ),
)
[ info ] [ HEADER ] array (
  'host' => 'bbbbbb.im',
  'connection' => 'keep-alive',
  'upgrade-insecure-requests' => '1',
  'user-agent' => 'Mozilla/5.0 (Macintosh; Intel Mac OS X 10_15_3) AppleWebKit/537.36 (KHTML, like Gecko) Chrome/80.0.3987.122 Safari/537.36',
  'accept' => 'text/html,application/xhtml+xml,application/xml;q=0.9,image/webp,image/apng,*/*;q=0.8,application/signed-exchange;v=b3;q=0.9',
  'referer' => 'http://bbbbbb.im/admin/index/index.html',
  'accept-encoding' => 'gzip, deflate',
  'accept-language' => 'zh-CN,zh;q=0.9,en;q=0.8,mt;q=0.7',
  'cookie' => 'PHPSESSID=0aea023ef26dc1a7bdf786085158afcc',
)
[ info ] [ PARAM ] array (
)
[ info ] [ BEHAVIOR ] Run app\api\behavior\CrossDomain @module_init [ RunTime:0.001708s ]
[ info ] [ SESSION ] INIT array (
  'id' => '',
  'var_session_id' => '',
  'prefix' => 'think',
  'type' => '',
  'auto_start' => true,
)
[ info ] [ DB ] INIT mysql
[ info ] [ RUN ] app\admin\controller\Expert->lists[ /Applications/MAMP/htdocs/bbbbbb/application/admin/controller/Expert.php ]
[ info ] [ VIEW ] /Applications/MAMP/htdocs/bbbbbb/public/../application/admin/view/expert/lists.html [ array (
  0 => 'user',
  1 => 'conf',
  2 => 'url',
  3 => 'system',
  4 => 'publics',
  5 => 'childMenu',
  6 => 'list',
  7 => 'get',
) ]
[ info ] [ LOG ] INIT file
---------------------------------------------------------------
[2020-03-03T21:15:45+08:00] 0.0.0.0 GET bbbbbb.im/admin/enterprise/lists.html
[ info ] [ LANG ] /Applications/MAMP/htdocs/bbbbbb/thinkphp/lang/zh-cn.php
[ info ] [ ROUTE ] array (
  'type' => 'module',
  'module' => 
  array (
    0 => 'admin',
    1 => 'enterprise',
    2 => 'lists',
  ),
)
[ info ] [ HEADER ] array (
  'host' => 'bbbbbb.im',
  'connection' => 'keep-alive',
  'upgrade-insecure-requests' => '1',
  'user-agent' => 'Mozilla/5.0 (Macintosh; Intel Mac OS X 10_15_3) AppleWebKit/537.36 (KHTML, like Gecko) Chrome/80.0.3987.122 Safari/537.36',
  'accept' => 'text/html,application/xhtml+xml,application/xml;q=0.9,image/webp,image/apng,*/*;q=0.8,application/signed-exchange;v=b3;q=0.9',
  'referer' => 'http://bbbbbb.im/admin/index/index.html',
  'accept-encoding' => 'gzip, deflate',
  'accept-language' => 'zh-CN,zh;q=0.9,en;q=0.8,mt;q=0.7',
  'cookie' => 'PHPSESSID=0aea023ef26dc1a7bdf786085158afcc',
)
[ info ] [ PARAM ] array (
)
[ info ] [ BEHAVIOR ] Run app\api\behavior\CrossDomain @module_init [ RunTime:0.004827s ]
[ info ] [ SESSION ] INIT array (
  'id' => '',
  'var_session_id' => '',
  'prefix' => 'think',
  'type' => '',
  'auto_start' => true,
)
[ info ] [ DB ] INIT mysql
[ info ] [ RUN ] app\admin\controller\Enterprise->lists[ /Applications/MAMP/htdocs/bbbbbb/application/admin/controller/Enterprise.php ]
[ info ] [ VIEW ] /Applications/MAMP/htdocs/bbbbbb/public/../application/admin/view/enterprise/lists.html [ array (
  0 => 'user',
  1 => 'conf',
  2 => 'url',
  3 => 'system',
  4 => 'publics',
  5 => 'childMenu',
  6 => 'list',
  7 => 'get',
) ]
[ info ] [ LOG ] INIT file
---------------------------------------------------------------
[2020-03-03T21:23:17+08:00] 0.0.0.0 GET bbbbbb.im/admin
[ info ] [ LANG ] /Applications/MAMP/htdocs/bbbbbb/thinkphp/lang/zh-cn.php
[ info ] [ ROUTE ] array (
  'type' => 'module',
  'module' => 
  array (
    0 => 'admin',
    1 => NULL,
    2 => NULL,
  ),
)
[ info ] [ HEADER ] array (
  'host' => 'bbbbbb.im',
  'connection' => 'keep-alive',
  'upgrade-insecure-requests' => '1',
  'user-agent' => 'Mozilla/5.0 (Macintosh; Intel Mac OS X 10_15_3) AppleWebKit/537.36 (KHTML, like Gecko) Chrome/80.0.3987.122 Safari/537.36',
  'accept' => 'text/html,application/xhtml+xml,application/xml;q=0.9,image/webp,image/apng,*/*;q=0.8,application/signed-exchange;v=b3;q=0.9',
  'accept-encoding' => 'gzip, deflate',
  'accept-language' => 'zh-CN,zh;q=0.9,en;q=0.8,mt;q=0.7',
  'cookie' => 'PHPSESSID=0aea023ef26dc1a7bdf786085158afcc',
)
[ info ] [ PARAM ] array (
)
[ info ] [ BEHAVIOR ] Run app\api\behavior\CrossDomain @module_init [ RunTime:0.001826s ]
[ info ] [ SESSION ] INIT array (
  'id' => '',
  'var_session_id' => '',
  'prefix' => 'think',
  'type' => '',
  'auto_start' => true,
)
[ info ] [ DB ] INIT mysql
[ info ] [ RUN ] app\admin\controller\Index->index[ /Applications/MAMP/htdocs/bbbbbb/application/admin/controller/Index.php ]
[ info ] [ VIEW ] /Applications/MAMP/htdocs/bbbbbb/public/../application/admin/view/index/index.html [ array (
  0 => 'user',
  1 => 'conf',
  2 => 'url',
  3 => 'system',
  4 => 'publics',
  5 => 'childMenu',
) ]
[ info ] [ LOG ] INIT file
---------------------------------------------------------------
[2020-03-03T21:23:18+08:00] 0.0.0.0 GET bbbbbb.im/admin/index/console.html
[ info ] [ LANG ] /Applications/MAMP/htdocs/bbbbbb/thinkphp/lang/zh-cn.php
[ info ] [ ROUTE ] array (
  'type' => 'module',
  'module' => 
  array (
    0 => 'admin',
    1 => 'index',
    2 => 'console',
  ),
)
[ info ] [ HEADER ] array (
  'host' => 'bbbbbb.im',
  'connection' => 'keep-alive',
  'upgrade-insecure-requests' => '1',
  'user-agent' => 'Mozilla/5.0 (Macintosh; Intel Mac OS X 10_15_3) AppleWebKit/537.36 (KHTML, like Gecko) Chrome/80.0.3987.122 Safari/537.36',
  'accept' => 'text/html,application/xhtml+xml,application/xml;q=0.9,image/webp,image/apng,*/*;q=0.8,application/signed-exchange;v=b3;q=0.9',
  'referer' => 'http://bbbbbb.im/admin',
  'accept-encoding' => 'gzip, deflate',
  'accept-language' => 'zh-CN,zh;q=0.9,en;q=0.8,mt;q=0.7',
  'cookie' => 'PHPSESSID=0aea023ef26dc1a7bdf786085158afcc',
)
[ info ] [ PARAM ] array (
)
[ info ] [ BEHAVIOR ] Run app\api\behavior\CrossDomain @module_init [ RunTime:0.004546s ]
[ info ] [ SESSION ] INIT array (
  'id' => '',
  'var_session_id' => '',
  'prefix' => 'think',
  'type' => '',
  'auto_start' => true,
)
[ info ] [ DB ] INIT mysql
[ info ] [ RUN ] app\admin\controller\Index->console[ /Applications/MAMP/htdocs/bbbbbb/application/admin/controller/Index.php ]
[ info ] [ VIEW ] /Applications/MAMP/htdocs/bbbbbb/public/../application/admin/view/index/console.html [ array (
  0 => 'user',
  1 => 'conf',
  2 => 'url',
  3 => 'system',
  4 => 'publics',
  5 => 'childMenu',
  6 => 'newsCount',
  7 => 'UsersCount',
) ]
[ info ] [ LOG ] INIT file
---------------------------------------------------------------
[2020-03-03T21:23:21+08:00] 0.0.0.0 GET bbbbbb.im/admin/expert/lists.html
[ info ] [ LANG ] /Applications/MAMP/htdocs/bbbbbb/thinkphp/lang/zh-cn.php
[ info ] [ ROUTE ] array (
  'type' => 'module',
  'module' => 
  array (
    0 => 'admin',
    1 => 'expert',
    2 => 'lists',
  ),
)
[ info ] [ HEADER ] array (
  'host' => 'bbbbbb.im',
  'connection' => 'keep-alive',
  'upgrade-insecure-requests' => '1',
  'user-agent' => 'Mozilla/5.0 (Macintosh; Intel Mac OS X 10_15_3) AppleWebKit/537.36 (KHTML, like Gecko) Chrome/80.0.3987.122 Safari/537.36',
  'accept' => 'text/html,application/xhtml+xml,application/xml;q=0.9,image/webp,image/apng,*/*;q=0.8,application/signed-exchange;v=b3;q=0.9',
  'referer' => 'http://bbbbbb.im/admin',
  'accept-encoding' => 'gzip, deflate',
  'accept-language' => 'zh-CN,zh;q=0.9,en;q=0.8,mt;q=0.7',
  'cookie' => 'PHPSESSID=0aea023ef26dc1a7bdf786085158afcc',
)
[ info ] [ PARAM ] array (
)
[ info ] [ BEHAVIOR ] Run app\api\behavior\CrossDomain @module_init [ RunTime:0.001074s ]
[ info ] [ SESSION ] INIT array (
  'id' => '',
  'var_session_id' => '',
  'prefix' => 'think',
  'type' => '',
  'auto_start' => true,
)
[ info ] [ DB ] INIT mysql
[ info ] [ RUN ] app\admin\controller\Expert->lists[ /Applications/MAMP/htdocs/bbbbbb/application/admin/controller/Expert.php ]
[ info ] [ VIEW ] /Applications/MAMP/htdocs/bbbbbb/public/../application/admin/view/expert/lists.html [ array (
  0 => 'user',
  1 => 'conf',
  2 => 'url',
  3 => 'system',
  4 => 'publics',
  5 => 'childMenu',
  6 => 'list',
  7 => 'get',
) ]
[ info ] [ LOG ] INIT file
---------------------------------------------------------------
[2020-03-03T21:23:23+08:00] 0.0.0.0 GET bbbbbb.im/admin/expert/lists.html
[ info ] [ LANG ] /Applications/MAMP/htdocs/bbbbbb/thinkphp/lang/zh-cn.php
[ info ] [ ROUTE ] array (
  'type' => 'module',
  'module' => 
  array (
    0 => 'admin',
    1 => 'expert',
    2 => 'lists',
  ),
)
[ info ] [ HEADER ] array (
  'host' => 'bbbbbb.im',
  'connection' => 'keep-alive',
  'upgrade-insecure-requests' => '1',
  'user-agent' => 'Mozilla/5.0 (Macintosh; Intel Mac OS X 10_15_3) AppleWebKit/537.36 (KHTML, like Gecko) Chrome/80.0.3987.122 Safari/537.36',
  'accept' => 'text/html,application/xhtml+xml,application/xml;q=0.9,image/webp,image/apng,*/*;q=0.8,application/signed-exchange;v=b3;q=0.9',
  'accept-encoding' => 'gzip, deflate',
  'accept-language' => 'zh-CN,zh;q=0.9,en;q=0.8,mt;q=0.7',
  'cookie' => 'PHPSESSID=0aea023ef26dc1a7bdf786085158afcc',
)
[ info ] [ PARAM ] array (
)
[ info ] [ BEHAVIOR ] Run app\api\behavior\CrossDomain @module_init [ RunTime:0.002484s ]
[ info ] [ SESSION ] INIT array (
  'id' => '',
  'var_session_id' => '',
  'prefix' => 'think',
  'type' => '',
  'auto_start' => true,
)
[ info ] [ DB ] INIT mysql
[ info ] [ RUN ] app\admin\controller\Expert->lists[ /Applications/MAMP/htdocs/bbbbbb/application/admin/controller/Expert.php ]
[ info ] [ VIEW ] /Applications/MAMP/htdocs/bbbbbb/public/../application/admin/view/expert/lists.html [ array (
  0 => 'user',
  1 => 'conf',
  2 => 'url',
  3 => 'system',
  4 => 'publics',
  5 => 'childMenu',
  6 => 'list',
  7 => 'get',
) ]
[ info ] [ LOG ] INIT file
---------------------------------------------------------------
[2020-03-03T21:23:37+08:00] 0.0.0.0 GET bbbbbb.im/admin/gain_video/lists.html
[ info ] [ LANG ] /Applications/MAMP/htdocs/bbbbbb/thinkphp/lang/zh-cn.php
[ info ] [ ROUTE ] array (
  'type' => 'module',
  'module' => 
  array (
    0 => 'admin',
    1 => 'gain_video',
    2 => 'lists',
  ),
)
[ info ] [ HEADER ] array (
  'host' => 'bbbbbb.im',
  'connection' => 'keep-alive',
  'upgrade-insecure-requests' => '1',
  'user-agent' => 'Mozilla/5.0 (Macintosh; Intel Mac OS X 10_15_3) AppleWebKit/537.36 (KHTML, like Gecko) Chrome/80.0.3987.122 Safari/537.36',
  'accept' => 'text/html,application/xhtml+xml,application/xml;q=0.9,image/webp,image/apng,*/*;q=0.8,application/signed-exchange;v=b3;q=0.9',
  'referer' => 'http://bbbbbb.im/admin',
  'accept-encoding' => 'gzip, deflate',
  'accept-language' => 'zh-CN,zh;q=0.9,en;q=0.8,mt;q=0.7',
  'cookie' => 'PHPSESSID=0aea023ef26dc1a7bdf786085158afcc',
)
[ info ] [ PARAM ] array (
)
[ info ] [ BEHAVIOR ] Run app\api\behavior\CrossDomain @module_init [ RunTime:0.003507s ]
[ info ] [ SESSION ] INIT array (
  'id' => '',
  'var_session_id' => '',
  'prefix' => 'think',
  'type' => '',
  'auto_start' => true,
)
[ info ] [ DB ] INIT mysql
[ info ] [ RUN ] app\admin\controller\GainVideo->lists[ /Applications/MAMP/htdocs/bbbbbb/application/admin/controller/GainVideo.php ]
[ info ] [ VIEW ] /Applications/MAMP/htdocs/bbbbbb/public/../application/admin/view/gain_video/lists.html [ array (
  0 => 'user',
  1 => 'conf',
  2 => 'url',
  3 => 'system',
  4 => 'publics',
  5 => 'childMenu',
  6 => 'list',
  7 => 'get',
) ]
[ info ] [ LOG ] INIT file
---------------------------------------------------------------
[2020-03-03T21:23:38+08:00] 0.0.0.0 GET bbbbbb.im/admin/project/lists.html
[ info ] [ LANG ] /Applications/MAMP/htdocs/bbbbbb/thinkphp/lang/zh-cn.php
[ info ] [ ROUTE ] array (
  'type' => 'module',
  'module' => 
  array (
    0 => 'admin',
    1 => 'project',
    2 => 'lists',
  ),
)
[ info ] [ HEADER ] array (
  'host' => 'bbbbbb.im',
  'connection' => 'keep-alive',
  'upgrade-insecure-requests' => '1',
  'user-agent' => 'Mozilla/5.0 (Macintosh; Intel Mac OS X 10_15_3) AppleWebKit/537.36 (KHTML, like Gecko) Chrome/80.0.3987.122 Safari/537.36',
  'accept' => 'text/html,application/xhtml+xml,application/xml;q=0.9,image/webp,image/apng,*/*;q=0.8,application/signed-exchange;v=b3;q=0.9',
  'referer' => 'http://bbbbbb.im/admin',
  'accept-encoding' => 'gzip, deflate',
  'accept-language' => 'zh-CN,zh;q=0.9,en;q=0.8,mt;q=0.7',
  'cookie' => 'PHPSESSID=0aea023ef26dc1a7bdf786085158afcc',
)
[ info ] [ PARAM ] array (
)
[ info ] [ BEHAVIOR ] Run app\api\behavior\CrossDomain @module_init [ RunTime:0.002135s ]
[ info ] [ LOG ] INIT file
---------------------------------------------------------------
[2020-03-03T21:23:38+08:00] 0.0.0.0 GET bbbbbb.im/admin/gain/lists.html
[ info ] [ LANG ] /Applications/MAMP/htdocs/bbbbbb/thinkphp/lang/zh-cn.php
[ info ] [ ROUTE ] array (
  'type' => 'module',
  'module' => 
  array (
    0 => 'admin',
    1 => 'gain',
    2 => 'lists',
  ),
)
[ info ] [ HEADER ] array (
  'host' => 'bbbbbb.im',
  'connection' => 'keep-alive',
  'upgrade-insecure-requests' => '1',
  'user-agent' => 'Mozilla/5.0 (Macintosh; Intel Mac OS X 10_15_3) AppleWebKit/537.36 (KHTML, like Gecko) Chrome/80.0.3987.122 Safari/537.36',
  'accept' => 'text/html,application/xhtml+xml,application/xml;q=0.9,image/webp,image/apng,*/*;q=0.8,application/signed-exchange;v=b3;q=0.9',
  'referer' => 'http://bbbbbb.im/admin',
  'accept-encoding' => 'gzip, deflate',
  'accept-language' => 'zh-CN,zh;q=0.9,en;q=0.8,mt;q=0.7',
  'cookie' => 'PHPSESSID=0aea023ef26dc1a7bdf786085158afcc',
)
[ info ] [ PARAM ] array (
)
[ info ] [ BEHAVIOR ] Run app\api\behavior\CrossDomain @module_init [ RunTime:0.001875s ]
[ info ] [ SESSION ] INIT array (
  'id' => '',
  'var_session_id' => '',
  'prefix' => 'think',
  'type' => '',
  'auto_start' => true,
)
[ info ] [ DB ] INIT mysql
[ info ] [ RUN ] app\admin\controller\Gain->lists[ /Applications/MAMP/htdocs/bbbbbb/application/admin/controller/Gain.php ]
[ info ] [ VIEW ] /Applications/MAMP/htdocs/bbbbbb/public/../application/admin/view/gain/lists.html [ array (
  0 => 'user',
  1 => 'conf',
  2 => 'url',
  3 => 'system',
  4 => 'publics',
  5 => 'childMenu',
  6 => 'list',
  7 => 'get',
) ]
[ info ] [ LOG ] INIT file
---------------------------------------------------------------
[2020-03-03T21:23:40+08:00] 0.0.0.0 GET bbbbbb.im/admin/news/lists.html
[ info ] [ LANG ] /Applications/MAMP/htdocs/bbbbbb/thinkphp/lang/zh-cn.php
[ info ] [ ROUTE ] array (
  'type' => 'module',
  'module' => 
  array (
    0 => 'admin',
    1 => 'news',
    2 => 'lists',
  ),
)
[ info ] [ HEADER ] array (
  'host' => 'bbbbbb.im',
  'connection' => 'keep-alive',
  'upgrade-insecure-requests' => '1',
  'user-agent' => 'Mozilla/5.0 (Macintosh; Intel Mac OS X 10_15_3) AppleWebKit/537.36 (KHTML, like Gecko) Chrome/80.0.3987.122 Safari/537.36',
  'accept' => 'text/html,application/xhtml+xml,application/xml;q=0.9,image/webp,image/apng,*/*;q=0.8,application/signed-exchange;v=b3;q=0.9',
  'referer' => 'http://bbbbbb.im/admin',
  'accept-encoding' => 'gzip, deflate',
  'accept-language' => 'zh-CN,zh;q=0.9,en;q=0.8,mt;q=0.7',
  'cookie' => 'PHPSESSID=0aea023ef26dc1a7bdf786085158afcc',
)
[ info ] [ PARAM ] array (
)
[ info ] [ BEHAVIOR ] Run app\api\behavior\CrossDomain @module_init [ RunTime:0.003821s ]
[ info ] [ SESSION ] INIT array (
  'id' => '',
  'var_session_id' => '',
  'prefix' => 'think',
  'type' => '',
  'auto_start' => true,
)
[ info ] [ DB ] INIT mysql
[ info ] [ RUN ] app\admin\controller\News->lists[ /Applications/MAMP/htdocs/bbbbbb/application/admin/controller/News.php ]
[ info ] [ VIEW ] /Applications/MAMP/htdocs/bbbbbb/public/../application/admin/view/news/lists.html [ array (
  0 => 'user',
  1 => 'conf',
  2 => 'url',
  3 => 'system',
  4 => 'publics',
  5 => 'childMenu',
  6 => 'list',
  7 => 'get',
) ]
[ info ] [ LOG ] INIT file
---------------------------------------------------------------
[2020-03-03T21:23:43+08:00] 0.0.0.0 GET bbbbbb.im/admin/enterprise/lists.html
[ info ] [ LANG ] /Applications/MAMP/htdocs/bbbbbb/thinkphp/lang/zh-cn.php
[ info ] [ ROUTE ] array (
  'type' => 'module',
  'module' => 
  array (
    0 => 'admin',
    1 => 'enterprise',
    2 => 'lists',
  ),
)
[ info ] [ HEADER ] array (
  'host' => 'bbbbbb.im',
  'connection' => 'keep-alive',
  'upgrade-insecure-requests' => '1',
  'user-agent' => 'Mozilla/5.0 (Macintosh; Intel Mac OS X 10_15_3) AppleWebKit/537.36 (KHTML, like Gecko) Chrome/80.0.3987.122 Safari/537.36',
  'accept' => 'text/html,application/xhtml+xml,application/xml;q=0.9,image/webp,image/apng,*/*;q=0.8,application/signed-exchange;v=b3;q=0.9',
  'referer' => 'http://bbbbbb.im/admin',
  'accept-encoding' => 'gzip, deflate',
  'accept-language' => 'zh-CN,zh;q=0.9,en;q=0.8,mt;q=0.7',
  'cookie' => 'PHPSESSID=0aea023ef26dc1a7bdf786085158afcc',
)
[ info ] [ PARAM ] array (
)
[ info ] [ BEHAVIOR ] Run app\api\behavior\CrossDomain @module_init [ RunTime:0.007271s ]
[ info ] [ SESSION ] INIT array (
  'id' => '',
  'var_session_id' => '',
  'prefix' => 'think',
  'type' => '',
  'auto_start' => true,
)
[ info ] [ DB ] INIT mysql
[ info ] [ RUN ] app\admin\controller\Enterprise->lists[ /Applications/MAMP/htdocs/bbbbbb/application/admin/controller/Enterprise.php ]
[ info ] [ VIEW ] /Applications/MAMP/htdocs/bbbbbb/public/../application/admin/view/enterprise/lists.html [ array (
  0 => 'user',
  1 => 'conf',
  2 => 'url',
  3 => 'system',
  4 => 'publics',
  5 => 'childMenu',
  6 => 'list',
  7 => 'get',
) ]
[ info ] [ LOG ] INIT file
---------------------------------------------------------------
[2020-03-03T21:29:01+08:00] 0.0.0.0 GET bbbbbb.im/admin/gain_video/lists.html
[ info ] [ LANG ] /Applications/MAMP/htdocs/bbbbbb/thinkphp/lang/zh-cn.php
[ info ] [ ROUTE ] array (
  'type' => 'module',
  'module' => 
  array (
    0 => 'admin',
    1 => 'gain_video',
    2 => 'lists',
  ),
)
[ info ] [ HEADER ] array (
  'host' => 'bbbbbb.im',
  'connection' => 'keep-alive',
  'upgrade-insecure-requests' => '1',
  'user-agent' => 'Mozilla/5.0 (Macintosh; Intel Mac OS X 10_15_3) AppleWebKit/537.36 (KHTML, like Gecko) Chrome/80.0.3987.122 Safari/537.36',
  'accept' => 'text/html,application/xhtml+xml,application/xml;q=0.9,image/webp,image/apng,*/*;q=0.8,application/signed-exchange;v=b3;q=0.9',
  'accept-encoding' => 'gzip, deflate',
  'accept-language' => 'zh-CN,zh;q=0.9,en;q=0.8,mt;q=0.7',
  'cookie' => 'PHPSESSID=0aea023ef26dc1a7bdf786085158afcc',
)
[ info ] [ PARAM ] array (
)
[ info ] [ BEHAVIOR ] Run app\api\behavior\CrossDomain @module_init [ RunTime:0.004546s ]
[ info ] [ SESSION ] INIT array (
  'id' => '',
  'var_session_id' => '',
  'prefix' => 'think',
  'type' => '',
  'auto_start' => true,
)
[ info ] [ DB ] INIT mysql
[ info ] [ RUN ] app\admin\controller\GainVideo->lists[ /Applications/MAMP/htdocs/bbbbbb/application/admin/controller/GainVideo.php ]
[ info ] [ VIEW ] /Applications/MAMP/htdocs/bbbbbb/public/../application/admin/view/gain_video/lists.html [ array (
  0 => 'user',
  1 => 'conf',
  2 => 'url',
  3 => 'system',
  4 => 'publics',
  5 => 'childMenu',
  6 => 'list',
  7 => 'get',
) ]
[ info ] [ LOG ] INIT file
---------------------------------------------------------------
[2020-03-03T21:35:51+08:00] 0.0.0.0 GET bbbbbb.im/api/common/gainVideoList
[ info ] [ LANG ] /Applications/MAMP/htdocs/bbbbbb/thinkphp/lang/zh-cn.php
[ info ] [ ROUTE ] array (
  'type' => 'module',
  'module' => 
  array (
    0 => 'api',
    1 => 'common',
    2 => 'gainVideoList',
  ),
)
[ info ] [ HEADER ] array (
  'host' => 'bbbbbb.im',
  'connection' => 'keep-alive',
  'upgrade-insecure-requests' => '1',
  'user-agent' => 'Mozilla/5.0 (Macintosh; Intel Mac OS X 10_15_3) AppleWebKit/537.36 (KHTML, like Gecko) Chrome/80.0.3987.122 Safari/537.36',
  'accept' => 'text/html,application/xhtml+xml,application/xml;q=0.9,image/webp,image/apng,*/*;q=0.8,application/signed-exchange;v=b3;q=0.9',
  'accept-encoding' => 'gzip, deflate',
  'accept-language' => 'zh-CN,zh;q=0.9,en;q=0.8,mt;q=0.7',
  'cookie' => 'PHPSESSID=0aea023ef26dc1a7bdf786085158afcc',
)
[ info ] [ PARAM ] array (
)
[ info ] [ BEHAVIOR ] Run app\api\behavior\CrossDomain @module_init [ RunTime:0.002059s ]
[ info ] [ RUN ] app\api\controller\Common->gainVideoList[ /Applications/MAMP/htdocs/bbbbbb/application/api/controller/Common.php ]
[ info ] [ DB ] INIT mysql
[ info ] [ LOG ] INIT file
---------------------------------------------------------------
[2020-03-03T21:46:21+08:00] 0.0.0.0 GET bbbbbb.im/api/common/expertDetail/id/1
[ info ] [ LANG ] /Applications/MAMP/htdocs/bbbbbb/thinkphp/lang/zh-cn.php
[ info ] [ ROUTE ] array (
  'type' => 'module',
  'module' => 
  array (
    0 => 'api',
    1 => 'common',
    2 => 'expertDetail',
  ),
)
[ info ] [ HEADER ] array (
  'host' => 'bbbbbb.im',
  'connection' => 'keep-alive',
  'upgrade-insecure-requests' => '1',
  'user-agent' => 'Mozilla/5.0 (Macintosh; Intel Mac OS X 10_15_3) AppleWebKit/537.36 (KHTML, like Gecko) Chrome/80.0.3987.122 Safari/537.36',
  'accept' => 'text/html,application/xhtml+xml,application/xml;q=0.9,image/webp,image/apng,*/*;q=0.8,application/signed-exchange;v=b3;q=0.9',
  'accept-encoding' => 'gzip, deflate',
  'accept-language' => 'zh-CN,zh;q=0.9,en;q=0.8,mt;q=0.7',
  'cookie' => 'PHPSESSID=0aea023ef26dc1a7bdf786085158afcc',
)
[ info ] [ PARAM ] array (
  'id' => '1',
)
[ info ] [ BEHAVIOR ] Run app\api\behavior\CrossDomain @module_init [ RunTime:0.002109s ]
[ info ] [ RUN ] app\api\controller\Common->expertDetail[ /Applications/MAMP/htdocs/bbbbbb/application/api/controller/Common.php ]
[ info ] [ DB ] INIT mysql
[ info ] [ LOG ] INIT file
---------------------------------------------------------------
[2020-03-03T21:47:23+08:00] 0.0.0.0 GET bbbbbb.im/api/common/expertDetail/id/1
[ info ] [ LANG ] /Applications/MAMP/htdocs/bbbbbb/thinkphp/lang/zh-cn.php
[ info ] [ ROUTE ] array (
  'type' => 'module',
  'module' => 
  array (
    0 => 'api',
    1 => 'common',
    2 => 'expertDetail',
  ),
)
[ info ] [ HEADER ] array (
  'host' => 'bbbbbb.im',
  'connection' => 'keep-alive',
  'cache-control' => 'max-age=0',
  'upgrade-insecure-requests' => '1',
  'user-agent' => 'Mozilla/5.0 (Macintosh; Intel Mac OS X 10_15_3) AppleWebKit/537.36 (KHTML, like Gecko) Chrome/80.0.3987.122 Safari/537.36',
  'accept' => 'text/html,application/xhtml+xml,application/xml;q=0.9,image/webp,image/apng,*/*;q=0.8,application/signed-exchange;v=b3;q=0.9',
  'accept-encoding' => 'gzip, deflate',
  'accept-language' => 'zh-CN,zh;q=0.9,en;q=0.8,mt;q=0.7',
  'cookie' => 'PHPSESSID=0aea023ef26dc1a7bdf786085158afcc',
)
[ info ] [ PARAM ] array (
  'id' => '1',
)
[ info ] [ BEHAVIOR ] Run app\api\behavior\CrossDomain @module_init [ RunTime:0.001567s ]
[ info ] [ RUN ] app\api\controller\Common->expertDetail[ /Applications/MAMP/htdocs/bbbbbb/application/api/controller/Common.php ]
[ info ] [ DB ] INIT mysql
[ info ] [ LOG ] INIT file
---------------------------------------------------------------
[2020-03-03T21:48:21+08:00] 0.0.0.0 GET bbbbbb.im/api/common/expertDetail/id/2
[ info ] [ LANG ] /Applications/MAMP/htdocs/bbbbbb/thinkphp/lang/zh-cn.php
[ info ] [ ROUTE ] array (
  'type' => 'module',
  'module' => 
  array (
    0 => 'api',
    1 => 'common',
    2 => 'expertDetail',
  ),
)
[ info ] [ HEADER ] array (
  'host' => 'bbbbbb.im',
  'connection' => 'keep-alive',
  'upgrade-insecure-requests' => '1',
  'user-agent' => 'Mozilla/5.0 (Macintosh; Intel Mac OS X 10_15_3) AppleWebKit/537.36 (KHTML, like Gecko) Chrome/80.0.3987.122 Safari/537.36',
  'accept' => 'text/html,application/xhtml+xml,application/xml;q=0.9,image/webp,image/apng,*/*;q=0.8,application/signed-exchange;v=b3;q=0.9',
  'accept-encoding' => 'gzip, deflate',
  'accept-language' => 'zh-CN,zh;q=0.9,en;q=0.8,mt;q=0.7',
  'cookie' => 'PHPSESSID=0aea023ef26dc1a7bdf786085158afcc',
)
[ info ] [ PARAM ] array (
  'id' => '2',
)
[ info ] [ BEHAVIOR ] Run app\api\behavior\CrossDomain @module_init [ RunTime:0.001619s ]
[ info ] [ RUN ] app\api\controller\Common->expertDetail[ /Applications/MAMP/htdocs/bbbbbb/application/api/controller/Common.php ]
[ info ] [ DB ] INIT mysql
[ info ] [ LOG ] INIT file
---------------------------------------------------------------
[2020-03-03T21:48:33+08:00] 0.0.0.0 GET bbbbbb.im/api/common/expertDetail/id/2
[ info ] [ LANG ] /Applications/MAMP/htdocs/bbbbbb/thinkphp/lang/zh-cn.php
[ info ] [ ROUTE ] array (
  'type' => 'module',
  'module' => 
  array (
    0 => 'api',
    1 => 'common',
    2 => 'expertDetail',
  ),
)
[ info ] [ HEADER ] array (
  'host' => 'bbbbbb.im',
  'connection' => 'keep-alive',
  'cache-control' => 'max-age=0',
  'upgrade-insecure-requests' => '1',
  'user-agent' => 'Mozilla/5.0 (Macintosh; Intel Mac OS X 10_15_3) AppleWebKit/537.36 (KHTML, like Gecko) Chrome/80.0.3987.122 Safari/537.36',
  'accept' => 'text/html,application/xhtml+xml,application/xml;q=0.9,image/webp,image/apng,*/*;q=0.8,application/signed-exchange;v=b3;q=0.9',
  'accept-encoding' => 'gzip, deflate',
  'accept-language' => 'zh-CN,zh;q=0.9,en;q=0.8,mt;q=0.7',
  'cookie' => 'PHPSESSID=0aea023ef26dc1a7bdf786085158afcc',
)
[ info ] [ PARAM ] array (
  'id' => '2',
)
[ info ] [ BEHAVIOR ] Run app\api\behavior\CrossDomain @module_init [ RunTime:0.001708s ]
[ info ] [ RUN ] app\api\controller\Common->expertDetail[ /Applications/MAMP/htdocs/bbbbbb/application/api/controller/Common.php ]
[ info ] [ DB ] INIT mysql
[ info ] [ LOG ] INIT file
---------------------------------------------------------------
[2020-03-03T21:52:11+08:00] 0.0.0.0 GET bbbbbb.im/api/common/expertDetail/id/2
[ info ] [ LANG ] /Applications/MAMP/htdocs/bbbbbb/thinkphp/lang/zh-cn.php
[ info ] [ ROUTE ] array (
  'type' => 'module',
  'module' => 
  array (
    0 => 'api',
    1 => 'common',
    2 => 'expertDetail',
  ),
)
[ info ] [ HEADER ] array (
  'host' => 'bbbbbb.im',
  'connection' => 'keep-alive',
  'cache-control' => 'max-age=0',
  'upgrade-insecure-requests' => '1',
  'user-agent' => 'Mozilla/5.0 (Macintosh; Intel Mac OS X 10_15_3) AppleWebKit/537.36 (KHTML, like Gecko) Chrome/80.0.3987.122 Safari/537.36',
  'accept' => 'text/html,application/xhtml+xml,application/xml;q=0.9,image/webp,image/apng,*/*;q=0.8,application/signed-exchange;v=b3;q=0.9',
  'accept-encoding' => 'gzip, deflate',
  'accept-language' => 'zh-CN,zh;q=0.9,en;q=0.8,mt;q=0.7',
  'cookie' => 'PHPSESSID=0aea023ef26dc1a7bdf786085158afcc',
)
[ info ] [ PARAM ] array (
  'id' => '2',
)
[ info ] [ BEHAVIOR ] Run app\api\behavior\CrossDomain @module_init [ RunTime:0.002605s ]
[ info ] [ RUN ] app\api\controller\Common->expertDetail[ /Applications/MAMP/htdocs/bbbbbb/application/api/controller/Common.php ]
[ info ] [ DB ] INIT mysql
[ info ] [ LOG ] INIT file
---------------------------------------------------------------
[2020-03-03T21:52:30+08:00] 0.0.0.0 GET bbbbbb.im/api/common/expertDetail/id/2
[ info ] [ LANG ] /Applications/MAMP/htdocs/bbbbbb/thinkphp/lang/zh-cn.php
[ info ] [ ROUTE ] array (
  'type' => 'module',
  'module' => 
  array (
    0 => 'api',
    1 => 'common',
    2 => 'expertDetail',
  ),
)
[ info ] [ HEADER ] array (
  'host' => 'bbbbbb.im',
  'connection' => 'keep-alive',
  'cache-control' => 'max-age=0',
  'upgrade-insecure-requests' => '1',
  'user-agent' => 'Mozilla/5.0 (Macintosh; Intel Mac OS X 10_15_3) AppleWebKit/537.36 (KHTML, like Gecko) Chrome/80.0.3987.122 Safari/537.36',
  'accept' => 'text/html,application/xhtml+xml,application/xml;q=0.9,image/webp,image/apng,*/*;q=0.8,application/signed-exchange;v=b3;q=0.9',
  'accept-encoding' => 'gzip, deflate',
  'accept-language' => 'zh-CN,zh;q=0.9,en;q=0.8,mt;q=0.7',
  'cookie' => 'PHPSESSID=0aea023ef26dc1a7bdf786085158afcc',
)
[ info ] [ PARAM ] array (
  'id' => '2',
)
[ info ] [ BEHAVIOR ] Run app\api\behavior\CrossDomain @module_init [ RunTime:0.001277s ]
[ info ] [ RUN ] app\api\controller\Common->expertDetail[ /Applications/MAMP/htdocs/bbbbbb/application/api/controller/Common.php ]
[ info ] [ DB ] INIT mysql
[ info ] [ LOG ] INIT file
---------------------------------------------------------------
[2020-03-03T21:52:46+08:00] 0.0.0.0 GET bbbbbb.im/api/common/expertDetail/id/2
[ info ] [ LANG ] /Applications/MAMP/htdocs/bbbbbb/thinkphp/lang/zh-cn.php
[ info ] [ ROUTE ] array (
  'type' => 'module',
  'module' => 
  array (
    0 => 'api',
    1 => 'common',
    2 => 'expertDetail',
  ),
)
[ info ] [ HEADER ] array (
  'host' => 'bbbbbb.im',
  'connection' => 'keep-alive',
  'cache-control' => 'max-age=0',
  'upgrade-insecure-requests' => '1',
  'user-agent' => 'Mozilla/5.0 (Macintosh; Intel Mac OS X 10_15_3) AppleWebKit/537.36 (KHTML, like Gecko) Chrome/80.0.3987.122 Safari/537.36',
  'accept' => 'text/html,application/xhtml+xml,application/xml;q=0.9,image/webp,image/apng,*/*;q=0.8,application/signed-exchange;v=b3;q=0.9',
  'accept-encoding' => 'gzip, deflate',
  'accept-language' => 'zh-CN,zh;q=0.9,en;q=0.8,mt;q=0.7',
  'cookie' => 'PHPSESSID=0aea023ef26dc1a7bdf786085158afcc',
)
[ info ] [ PARAM ] array (
  'id' => '2',
)
[ info ] [ BEHAVIOR ] Run app\api\behavior\CrossDomain @module_init [ RunTime:0.007890s ]
[ info ] [ RUN ] app\api\controller\Common->expertDetail[ /Applications/MAMP/htdocs/bbbbbb/application/api/controller/Common.php ]
[ info ] [ DB ] INIT mysql
[ info ] [ LOG ] INIT file
---------------------------------------------------------------
[2020-03-03T21:53:02+08:00] 0.0.0.0 GET bbbbbb.im/api/common/expertDetail/id/2
[ info ] [ LANG ] /Applications/MAMP/htdocs/bbbbbb/thinkphp/lang/zh-cn.php
[ info ] [ ROUTE ] array (
  'type' => 'module',
  'module' => 
  array (
    0 => 'api',
    1 => 'common',
    2 => 'expertDetail',
  ),
)
[ info ] [ HEADER ] array (
  'host' => 'bbbbbb.im',
  'connection' => 'keep-alive',
  'cache-control' => 'max-age=0',
  'upgrade-insecure-requests' => '1',
  'user-agent' => 'Mozilla/5.0 (Macintosh; Intel Mac OS X 10_15_3) AppleWebKit/537.36 (KHTML, like Gecko) Chrome/80.0.3987.122 Safari/537.36',
  'accept' => 'text/html,application/xhtml+xml,application/xml;q=0.9,image/webp,image/apng,*/*;q=0.8,application/signed-exchange;v=b3;q=0.9',
  'accept-encoding' => 'gzip, deflate',
  'accept-language' => 'zh-CN,zh;q=0.9,en;q=0.8,mt;q=0.7',
  'cookie' => 'PHPSESSID=0aea023ef26dc1a7bdf786085158afcc',
)
[ info ] [ PARAM ] array (
  'id' => '2',
)
[ info ] [ BEHAVIOR ] Run app\api\behavior\CrossDomain @module_init [ RunTime:0.003979s ]
[ info ] [ RUN ] app\api\controller\Common->expertDetail[ /Applications/MAMP/htdocs/bbbbbb/application/api/controller/Common.php ]
[ info ] [ DB ] INIT mysql
[ info ] [ LOG ] INIT file
---------------------------------------------------------------
[2020-03-03T21:53:12+08:00] 0.0.0.0 GET bbbbbb.im/api/common/expertDetail/id/1
[ info ] [ LANG ] /Applications/MAMP/htdocs/bbbbbb/thinkphp/lang/zh-cn.php
[ info ] [ ROUTE ] array (
  'type' => 'module',
  'module' => 
  array (
    0 => 'api',
    1 => 'common',
    2 => 'expertDetail',
  ),
)
[ info ] [ HEADER ] array (
  'host' => 'bbbbbb.im',
  'connection' => 'keep-alive',
  'upgrade-insecure-requests' => '1',
  'user-agent' => 'Mozilla/5.0 (Macintosh; Intel Mac OS X 10_15_3) AppleWebKit/537.36 (KHTML, like Gecko) Chrome/80.0.3987.122 Safari/537.36',
  'accept' => 'text/html,application/xhtml+xml,application/xml;q=0.9,image/webp,image/apng,*/*;q=0.8,application/signed-exchange;v=b3;q=0.9',
  'accept-encoding' => 'gzip, deflate',
  'accept-language' => 'zh-CN,zh;q=0.9,en;q=0.8,mt;q=0.7',
  'cookie' => 'PHPSESSID=0aea023ef26dc1a7bdf786085158afcc',
)
[ info ] [ PARAM ] array (
  'id' => '1',
)
[ info ] [ BEHAVIOR ] Run app\api\behavior\CrossDomain @module_init [ RunTime:0.001083s ]
[ info ] [ RUN ] app\api\controller\Common->expertDetail[ /Applications/MAMP/htdocs/bbbbbb/application/api/controller/Common.php ]
[ info ] [ DB ] INIT mysql
[ info ] [ LOG ] INIT file
---------------------------------------------------------------
[2020-03-03T21:53:27+08:00] 0.0.0.0 GET bbbbbb.im/api/common/expertDetail/id/1
[ info ] [ LANG ] /Applications/MAMP/htdocs/bbbbbb/thinkphp/lang/zh-cn.php
[ info ] [ ROUTE ] array (
  'type' => 'module',
  'module' => 
  array (
    0 => 'api',
    1 => 'common',
    2 => 'expertDetail',
  ),
)
[ info ] [ HEADER ] array (
  'host' => 'bbbbbb.im',
  'connection' => 'keep-alive',
  'cache-control' => 'max-age=0',
  'upgrade-insecure-requests' => '1',
  'user-agent' => 'Mozilla/5.0 (Macintosh; Intel Mac OS X 10_15_3) AppleWebKit/537.36 (KHTML, like Gecko) Chrome/80.0.3987.122 Safari/537.36',
  'accept' => 'text/html,application/xhtml+xml,application/xml;q=0.9,image/webp,image/apng,*/*;q=0.8,application/signed-exchange;v=b3;q=0.9',
  'accept-encoding' => 'gzip, deflate',
  'accept-language' => 'zh-CN,zh;q=0.9,en;q=0.8,mt;q=0.7',
  'cookie' => 'PHPSESSID=0aea023ef26dc1a7bdf786085158afcc',
)
[ info ] [ PARAM ] array (
  'id' => '1',
)
[ info ] [ BEHAVIOR ] Run app\api\behavior\CrossDomain @module_init [ RunTime:0.001774s ]
[ info ] [ RUN ] app\api\controller\Common->expertDetail[ /Applications/MAMP/htdocs/bbbbbb/application/api/controller/Common.php ]
[ info ] [ DB ] INIT mysql
[ info ] [ LOG ] INIT file
---------------------------------------------------------------
[2020-03-03T21:55:54+08:00] 0.0.0.0 GET bbbbbb.im/admin/demand/lists.html
[ info ] [ LANG ] /Applications/MAMP/htdocs/bbbbbb/thinkphp/lang/zh-cn.php
[ info ] [ ROUTE ] array (
  'type' => 'module',
  'module' => 
  array (
    0 => 'admin',
    1 => 'demand',
    2 => 'lists',
  ),
)
[ info ] [ HEADER ] array (
  'host' => 'bbbbbb.im',
  'connection' => 'keep-alive',
  'upgrade-insecure-requests' => '1',
  'user-agent' => 'Mozilla/5.0 (Macintosh; Intel Mac OS X 10_15_3) AppleWebKit/537.36 (KHTML, like Gecko) Chrome/80.0.3987.122 Safari/537.36',
  'accept' => 'text/html,application/xhtml+xml,application/xml;q=0.9,image/webp,image/apng,*/*;q=0.8,application/signed-exchange;v=b3;q=0.9',
  'referer' => 'http://bbbbbb.im/admin',
  'accept-encoding' => 'gzip, deflate',
  'accept-language' => 'zh-CN,zh;q=0.9,en;q=0.8,mt;q=0.7',
  'cookie' => 'PHPSESSID=0aea023ef26dc1a7bdf786085158afcc',
)
[ info ] [ PARAM ] array (
)
[ info ] [ BEHAVIOR ] Run app\api\behavior\CrossDomain @module_init [ RunTime:0.003131s ]
[ info ] [ SESSION ] INIT array (
  'id' => '',
  'var_session_id' => '',
  'prefix' => 'think',
  'type' => '',
  'auto_start' => true,
)
[ info ] [ DB ] INIT mysql
[ info ] [ RUN ] app\admin\controller\Demand->lists[ /Applications/MAMP/htdocs/bbbbbb/application/admin/controller/Demand.php ]
[ info ] [ VIEW ] /Applications/MAMP/htdocs/bbbbbb/public/../application/admin/view/demand/lists.html [ array (
  0 => 'user',
  1 => 'conf',
  2 => 'url',
  3 => 'system',
  4 => 'publics',
  5 => 'childMenu',
  6 => 'list',
  7 => 'get',
) ]
[ info ] [ LOG ] INIT file
---------------------------------------------------------------
[2020-03-03T21:56:50+08:00] 0.0.0.0 GET bbbbbb.im/api/common/expertDetail/id/1
[ info ] [ LANG ] /Applications/MAMP/htdocs/bbbbbb/thinkphp/lang/zh-cn.php
[ info ] [ ROUTE ] array (
  'type' => 'module',
  'module' => 
  array (
    0 => 'api',
    1 => 'common',
    2 => 'expertDetail',
  ),
)
[ info ] [ HEADER ] array (
  'host' => 'bbbbbb.im',
  'connection' => 'keep-alive',
  'cache-control' => 'max-age=0',
  'upgrade-insecure-requests' => '1',
  'user-agent' => 'Mozilla/5.0 (Macintosh; Intel Mac OS X 10_15_3) AppleWebKit/537.36 (KHTML, like Gecko) Chrome/80.0.3987.122 Safari/537.36',
  'accept' => 'text/html,application/xhtml+xml,application/xml;q=0.9,image/webp,image/apng,*/*;q=0.8,application/signed-exchange;v=b3;q=0.9',
  'accept-encoding' => 'gzip, deflate',
  'accept-language' => 'zh-CN,zh;q=0.9,en;q=0.8,mt;q=0.7',
  'cookie' => 'PHPSESSID=0aea023ef26dc1a7bdf786085158afcc',
)
[ info ] [ PARAM ] array (
  'id' => '1',
)
[ info ] [ BEHAVIOR ] Run app\api\behavior\CrossDomain @module_init [ RunTime:0.001941s ]
[ info ] [ RUN ] app\api\controller\Common->expertDetail[ /Applications/MAMP/htdocs/bbbbbb/application/api/controller/Common.php ]
[ info ] [ DB ] INIT mysql
[ info ] [ LOG ] INIT file
