---------------------------------------------------------------
[2020-03-05T22:43:13+08:00] 221.220.244.169 GET bbb.flv.pet/admin/index/index.html
[ sql ] [ DB ] CONNECT:[ UseTime:0.000366s ] mysql:host=127.0.0.1;dbname=bbb_flv_pet;charset=utf8
[ sql ] [ SQL ] SHOW COLUMNS FROM `crm_conf` [ RunTime:0.000592s ]
[ sql ] [ SQL ] SELECT * FROM `crm_conf` WHERE  `id` = 1 LIMIT 1 [ RunTime:0.000232s ]
[ sql ] [ SQL ] SELECT * FROM `crm_conf` LIMIT 1 [ RunTime:0.000216s ]
[ sql ] [ SQL ] SHOW COLUMNS FROM `crm_rule` [ RunTime:0.001223s ]
[ sql ] [ SQL ] SELECT `id`,`url`,`name`,`status`,`pid`,`sort`,`level_id`,`icon`,`parent_id` FROM `crm_rule` WHERE  (  status = 1 ) ORDER BY `sort` ASC [ RunTime:0.000504s ]
[ sql ] [ SQL ] SELECT * FROM `crm_conf` WHERE  `id` = 1 LIMIT 1 [ RunTime:0.000371s ]
[ sql ] [ SQL ] SHOW COLUMNS FROM `crm_admin` [ RunTime:0.000464s ]
[ sql ] [ SQL ] SELECT `id`,`user_name`,`user_pwd`,`user_face`,`user_host`,`create_time`,`last_login`,`role_id`,`user_status` FROM `crm_admin` WHERE  `id` = 1 LIMIT 1 [ RunTime:0.000217s ]
---------------------------------------------------------------
[2020-03-05T22:43:13+08:00] 221.220.244.169 GET bbb.flv.pet/admin/index/console.html
[ sql ] [ DB ] CONNECT:[ UseTime:0.000355s ] mysql:host=127.0.0.1;dbname=bbb_flv_pet;charset=utf8
[ sql ] [ SQL ] SHOW COLUMNS FROM `crm_conf` [ RunTime:0.000562s ]
[ sql ] [ SQL ] SELECT * FROM `crm_conf` WHERE  `id` = 1 LIMIT 1 [ RunTime:0.000242s ]
[ sql ] [ SQL ] SELECT * FROM `crm_conf` LIMIT 1 [ RunTime:0.000180s ]
[ sql ] [ SQL ] SHOW COLUMNS FROM `crm_rule` [ RunTime:0.000441s ]
[ sql ] [ SQL ] SELECT `id`,`url`,`name`,`status`,`pid`,`sort`,`level_id`,`icon`,`parent_id` FROM `crm_rule` WHERE  (  status = 1 ) ORDER BY `sort` ASC [ RunTime:0.000326s ]
[ sql ] [ SQL ] SELECT * FROM `crm_conf` WHERE  `id` = 1 LIMIT 1 [ RunTime:0.000220s ]
[ sql ] [ SQL ] SHOW COLUMNS FROM `crm_news` [ RunTime:0.000516s ]
[ sql ] [ SQL ] SELECT COUNT(*) AS tp_count FROM `crm_news` LIMIT 1 [ RunTime:0.000139s ]
[ sql ] [ SQL ] SHOW COLUMNS FROM `crm_users` [ RunTime:0.000441s ]
[ sql ] [ SQL ] SELECT COUNT(*) AS tp_count FROM `crm_users` LIMIT 1 [ RunTime:0.000152s ]
[ sql ] [ SQL ] select version() as v; [ RunTime:0.000143s ]
---------------------------------------------------------------
[2020-03-05T22:43:16+08:00] 221.220.244.169 GET bbb.flv.pet/admin/cate/lists.html
[ sql ] [ DB ] CONNECT:[ UseTime:0.000337s ] mysql:host=127.0.0.1;dbname=bbb_flv_pet;charset=utf8
[ sql ] [ SQL ] SHOW COLUMNS FROM `crm_conf` [ RunTime:0.000573s ]
[ sql ] [ SQL ] SELECT * FROM `crm_conf` WHERE  `id` = 1 LIMIT 1 [ RunTime:0.000230s ]
[ sql ] [ SQL ] SELECT * FROM `crm_conf` LIMIT 1 [ RunTime:0.000205s ]
[ sql ] [ SQL ] SHOW COLUMNS FROM `crm_rule` [ RunTime:0.000440s ]
[ sql ] [ SQL ] SELECT `id`,`url`,`name`,`status`,`pid`,`sort`,`level_id`,`icon`,`parent_id` FROM `crm_rule` WHERE  (  status = 1 ) ORDER BY `sort` ASC [ RunTime:0.000325s ]
[ sql ] [ SQL ] SELECT * FROM `crm_conf` WHERE  `id` = 1 LIMIT 1 [ RunTime:0.000207s ]
[ sql ] [ SQL ] SHOW COLUMNS FROM `crm_cate` [ RunTime:0.000437s ]
[ sql ] [ SQL ] SELECT COUNT(*) AS tp_count FROM `crm_cate` LIMIT 1 [ RunTime:0.000162s ]
[ sql ] [ SQL ] SELECT * FROM `crm_cate` LIMIT 0,10 [ RunTime:0.000146s ]
---------------------------------------------------------------
[2020-03-05T22:43:30+08:00] 221.220.244.169 GET bbb.flv.pet/api/common/newsList
[ sql ] [ DB ] CONNECT:[ UseTime:0.000437s ] mysql:host=127.0.0.1;dbname=bbb_flv_pet;charset=utf8
[ sql ] [ SQL ] SHOW COLUMNS FROM `crm_expert` [ RunTime:0.000602s ]
[ sql ] [ SQL ] SELECT COUNT(*) AS tp_count FROM `crm_expert` LIMIT 1 [ RunTime:0.000183s ]
[ sql ] [ SQL ] SHOW COLUMNS FROM `crm_news` [ RunTime:0.000463s ]
[ sql ] [ SQL ] SELECT `n`.*,`u`.`user_name`,c.name cate_name,from_unixtime(n.create_t) create_t,from_unixtime(n.update_t) update_t FROM `crm_news` `n` INNER JOIN `crm_users` `u` ON `n`.`uid`=`u`.`id` INNER JOIN `crm_cate` `c` ON `n`.`cate_id`=`c`.`id` LIMIT 0,10 [ RunTime:0.014488s ]
---------------------------------------------------------------
[2020-03-05T23:04:32+08:00] 221.220.244.169 GET bbb.flv.pet/admin
[ sql ] [ DB ] CONNECT:[ UseTime:0.000360s ] mysql:host=127.0.0.1;dbname=bbb_flv_pet;charset=utf8
[ sql ] [ SQL ] SHOW COLUMNS FROM `crm_conf` [ RunTime:0.001202s ]
[ sql ] [ SQL ] SELECT * FROM `crm_conf` WHERE  `id` = 1 LIMIT 1 [ RunTime:0.000244s ]
[ sql ] [ SQL ] SELECT * FROM `crm_conf` LIMIT 1 [ RunTime:0.000201s ]
[ sql ] [ SQL ] SHOW COLUMNS FROM `crm_rule` [ RunTime:0.000498s ]
[ sql ] [ SQL ] SELECT `id`,`url`,`name`,`status`,`pid`,`sort`,`level_id`,`icon`,`parent_id` FROM `crm_rule` WHERE  (  status = 1 ) ORDER BY `sort` ASC [ RunTime:0.000321s ]
[ sql ] [ SQL ] SELECT * FROM `crm_conf` WHERE  `id` = 1 LIMIT 1 [ RunTime:0.000220s ]
[ sql ] [ SQL ] SHOW COLUMNS FROM `crm_admin` [ RunTime:0.000455s ]
[ sql ] [ SQL ] SELECT `id`,`user_name`,`user_pwd`,`user_face`,`user_host`,`create_time`,`last_login`,`role_id`,`user_status` FROM `crm_admin` WHERE  `id` = 1 LIMIT 1 [ RunTime:0.000232s ]
---------------------------------------------------------------
[2020-03-05T23:04:32+08:00] 221.220.244.169 GET bbb.flv.pet/admin/index/console.html
[ sql ] [ DB ] CONNECT:[ UseTime:0.000538s ] mysql:host=127.0.0.1;dbname=bbb_flv_pet;charset=utf8
[ sql ] [ SQL ] SHOW COLUMNS FROM `crm_conf` [ RunTime:0.003805s ]
[ sql ] [ SQL ] SELECT * FROM `crm_conf` WHERE  `id` = 1 LIMIT 1 [ RunTime:0.000358s ]
[ sql ] [ SQL ] SELECT * FROM `crm_conf` LIMIT 1 [ RunTime:0.000215s ]
[ sql ] [ SQL ] SHOW COLUMNS FROM `crm_rule` [ RunTime:0.000576s ]
[ sql ] [ SQL ] SELECT `id`,`url`,`name`,`status`,`pid`,`sort`,`level_id`,`icon`,`parent_id` FROM `crm_rule` WHERE  (  status = 1 ) ORDER BY `sort` ASC [ RunTime:0.000338s ]
[ sql ] [ SQL ] SELECT * FROM `crm_conf` WHERE  `id` = 1 LIMIT 1 [ RunTime:0.000240s ]
[ sql ] [ SQL ] SHOW COLUMNS FROM `crm_news` [ RunTime:0.000527s ]
[ sql ] [ SQL ] SELECT COUNT(*) AS tp_count FROM `crm_news` LIMIT 1 [ RunTime:0.000155s ]
[ sql ] [ SQL ] SHOW COLUMNS FROM `crm_users` [ RunTime:0.000513s ]
[ sql ] [ SQL ] SELECT COUNT(*) AS tp_count FROM `crm_users` LIMIT 1 [ RunTime:0.000150s ]
[ sql ] [ SQL ] select version() as v; [ RunTime:0.000133s ]
